<?xml version="1.0" encoding="UTF-8"?>
<testsuites name="jest tests" tests="517" failures="103" errors="0" time="108.02">
  <testsuite name="FreeTrialBanner" errors="0" failures="4" skipped="0" timestamp="2025-07-31T04:52:58" time="57.603" tests="13">
    <testcase classname="FreeTrialBanner rental reports banner should render rental reports banner with remaining uses" name="FreeTrialBanner rental reports banner should render rental reports banner with remaining uses" time="0.273">
    </testcase>
    <testcase classname="FreeTrialBanner rental reports banner should render rental reports banner when no uses remaining" name="FreeTrialBanner rental reports banner should render rental reports banner when no uses remaining" time="0.016">
    </testcase>
    <testcase classname="FreeTrialBanner zillow scraper banner should render zillow scraper banner with remaining uses" name="FreeTrialBanner zillow scraper banner should render zillow scraper banner with remaining uses" time="0.017">
    </testcase>
    <testcase classname="FreeTrialBanner zillow scraper banner should render zillow scraper banner when no uses remaining" name="FreeTrialBanner zillow scraper banner should render zillow scraper banner when no uses remaining" time="0.013">
    </testcase>
    <testcase classname="FreeTrialBanner user states should not render when user is paid member" name="FreeTrialBanner user states should not render when user is paid member" time="0.008">
    </testcase>
    <testcase classname="FreeTrialBanner user states should not render when user is loading" name="FreeTrialBanner user states should not render when user is loading" time="0.009">
    </testcase>
    <testcase classname="FreeTrialBanner user states should not render when remaining uses is null" name="FreeTrialBanner user states should not render when remaining uses is null" time="0.026">
      <failure>Error: expect(element).not.toBeInTheDocument()

expected document not to contain element, found &lt;div data-header=&quot;Limited Free Uses&quot; data-testid=&quot;alert-warning&quot;&gt;You have &lt;strong /&gt; more free InstantlyReport uses under the free tier. Subscribe in order to have unlimited usage of this calculator.&lt;/div&gt; instead
    at Object.&lt;anonymous&gt; (C:\Users\benpe\Coding\REI-Project\InstantlyAnalyze-Components\tst\components\FreeTrialBanner\FreeTrialBanner.test.tsx:121:57)
    at Promise.then.completed (C:\Users\benpe\Coding\REI-Project\InstantlyAnalyze-Components\node_modules\jest-circus\build\utils.js:298:28)
    at new Promise (&lt;anonymous&gt;)
    at callAsyncCircusFn (C:\Users\benpe\Coding\REI-Project\InstantlyAnalyze-Components\node_modules\jest-circus\build\utils.js:231:10)
    at _callCircusTest (C:\Users\benpe\Coding\REI-Project\InstantlyAnalyze-Components\node_modules\jest-circus\build\run.js:316:40)
    at processTicksAndRejections (node:internal/process/task_queues:95:5)
    at _runTest (C:\Users\benpe\Coding\REI-Project\InstantlyAnalyze-Components\node_modules\jest-circus\build\run.js:252:3)
    at _runTestsForDescribeBlock (C:\Users\benpe\Coding\REI-Project\InstantlyAnalyze-Components\node_modules\jest-circus\build\run.js:126:9)
    at _runTestsForDescribeBlock (C:\Users\benpe\Coding\REI-Project\InstantlyAnalyze-Components\node_modules\jest-circus\build\run.js:121:9)
    at _runTestsForDescribeBlock (C:\Users\benpe\Coding\REI-Project\InstantlyAnalyze-Components\node_modules\jest-circus\build\run.js:121:9)
    at run (C:\Users\benpe\Coding\REI-Project\InstantlyAnalyze-Components\node_modules\jest-circus\build\run.js:71:3)
    at runAndTransformResultsToJestFormat (C:\Users\benpe\Coding\REI-Project\InstantlyAnalyze-Components\node_modules\jest-circus\build\legacy-code-todo-rewrite\jestAdapterInit.js:122:21)
    at jestAdapter (C:\Users\benpe\Coding\REI-Project\InstantlyAnalyze-Components\node_modules\jest-circus\build\legacy-code-todo-rewrite\jestAdapter.js:79:19)
    at runTestInternal (C:\Users\benpe\Coding\REI-Project\InstantlyAnalyze-Components\node_modules\jest-runner\build\runTest.js:367:16)
    at runTest (C:\Users\benpe\Coding\REI-Project\InstantlyAnalyze-Components\node_modules\jest-runner\build\runTest.js:444:34)
    at Object.worker (C:\Users\benpe\Coding\REI-Project\InstantlyAnalyze-Components\node_modules\jest-runner\build\testWorker.js:106:12)</failure>
    </testcase>
    <testcase classname="FreeTrialBanner banner content should include subscription message" name="FreeTrialBanner banner content should include subscription message" time="0.021">
    </testcase>
    <testcase classname="FreeTrialBanner banner content should show correct remaining uses count" name="FreeTrialBanner banner content should show correct remaining uses count" time="0.028">
      <failure>TestingLibraryElementError: Unable to find an element with the text: /You have 10 more free/. This could be because the text is broken up by multiple elements. In this case, you can provide a function for your text matcher to make your matcher more flexible.

Ignored nodes: comments, script, style
&lt;body&gt;
  &lt;div&gt;
    &lt;div
      data-header=&quot;Limited Free Uses&quot;
      data-testid=&quot;alert-warning&quot;
    &gt;
      You have 
      &lt;strong&gt;
        10
      &lt;/strong&gt;
       more free 
      InstantlyReport uses
       under the free tier. Subscribe in order to have unlimited usage of this calculator.
    &lt;/div&gt;
  &lt;/div&gt;
&lt;/body&gt;
    at Object.getElementError (C:\Users\benpe\Coding\REI-Project\InstantlyAnalyze-Components\node_modules\@testing-library\react\node_modules\@testing-library\dom\dist\config.js:37:19)
    at C:\Users\benpe\Coding\REI-Project\InstantlyAnalyze-Components\node_modules\@testing-library\react\node_modules\@testing-library\dom\dist\query-helpers.js:76:38
    at C:\Users\benpe\Coding\REI-Project\InstantlyAnalyze-Components\node_modules\@testing-library\react\node_modules\@testing-library\dom\dist\query-helpers.js:52:17
    at C:\Users\benpe\Coding\REI-Project\InstantlyAnalyze-Components\node_modules\@testing-library\react\node_modules\@testing-library\dom\dist\query-helpers.js:95:19
    at Object.&lt;anonymous&gt; (C:\Users\benpe\Coding\REI-Project\InstantlyAnalyze-Components\tst\components\FreeTrialBanner\FreeTrialBanner.test.tsx:141:21)
    at Promise.then.completed (C:\Users\benpe\Coding\REI-Project\InstantlyAnalyze-Components\node_modules\jest-circus\build\utils.js:298:28)
    at new Promise (&lt;anonymous&gt;)
    at callAsyncCircusFn (C:\Users\benpe\Coding\REI-Project\InstantlyAnalyze-Components\node_modules\jest-circus\build\utils.js:231:10)
    at _callCircusTest (C:\Users\benpe\Coding\REI-Project\InstantlyAnalyze-Components\node_modules\jest-circus\build\run.js:316:40)
    at processTicksAndRejections (node:internal/process/task_queues:95:5)
    at _runTest (C:\Users\benpe\Coding\REI-Project\InstantlyAnalyze-Components\node_modules\jest-circus\build\run.js:252:3)
    at _runTestsForDescribeBlock (C:\Users\benpe\Coding\REI-Project\InstantlyAnalyze-Components\node_modules\jest-circus\build\run.js:126:9)
    at _runTestsForDescribeBlock (C:\Users\benpe\Coding\REI-Project\InstantlyAnalyze-Components\node_modules\jest-circus\build\run.js:121:9)
    at _runTestsForDescribeBlock (C:\Users\benpe\Coding\REI-Project\InstantlyAnalyze-Components\node_modules\jest-circus\build\run.js:121:9)
    at run (C:\Users\benpe\Coding\REI-Project\InstantlyAnalyze-Components\node_modules\jest-circus\build\run.js:71:3)
    at runAndTransformResultsToJestFormat (C:\Users\benpe\Coding\REI-Project\InstantlyAnalyze-Components\node_modules\jest-circus\build\legacy-code-todo-rewrite\jestAdapterInit.js:122:21)
    at jestAdapter (C:\Users\benpe\Coding\REI-Project\InstantlyAnalyze-Components\node_modules\jest-circus\build\legacy-code-todo-rewrite\jestAdapter.js:79:19)
    at runTestInternal (C:\Users\benpe\Coding\REI-Project\InstantlyAnalyze-Components\node_modules\jest-runner\build\runTest.js:367:16)
    at runTest (C:\Users\benpe\Coding\REI-Project\InstantlyAnalyze-Components\node_modules\jest-runner\build\runTest.js:444:34)
    at Object.worker (C:\Users\benpe\Coding\REI-Project\InstantlyAnalyze-Components\node_modules\jest-runner\build\testWorker.js:106:12)</failure>
    </testcase>
    <testcase classname="FreeTrialBanner banner content should use strong tag for remaining uses count" name="FreeTrialBanner banner content should use strong tag for remaining uses count" time="0.016">
    </testcase>
    <testcase classname="FreeTrialBanner error handling should throw error for invalid banner type" name="FreeTrialBanner error handling should throw error for invalid banner type" time="0.143">
    </testcase>
    <testcase classname="FreeTrialBanner different remaining use counts should handle single remaining use" name="FreeTrialBanner different remaining use counts should handle single remaining use" time="0.014">
      <failure>TestingLibraryElementError: Unable to find an element with the text: /You have 1 more free/. This could be because the text is broken up by multiple elements. In this case, you can provide a function for your text matcher to make your matcher more flexible.

Ignored nodes: comments, script, style
&lt;body&gt;
  &lt;div&gt;
    &lt;div
      data-header=&quot;Limited Free Uses&quot;
      data-testid=&quot;alert-warning&quot;
    &gt;
      You have 
      &lt;strong&gt;
        1
      &lt;/strong&gt;
       more free 
      InstantlyReport uses
       under the free tier. Subscribe in order to have unlimited usage of this calculator.
    &lt;/div&gt;
  &lt;/div&gt;
&lt;/body&gt;
    at Object.getElementError (C:\Users\benpe\Coding\REI-Project\InstantlyAnalyze-Components\node_modules\@testing-library\react\node_modules\@testing-library\dom\dist\config.js:37:19)
    at C:\Users\benpe\Coding\REI-Project\InstantlyAnalyze-Components\node_modules\@testing-library\react\node_modules\@testing-library\dom\dist\query-helpers.js:76:38
    at C:\Users\benpe\Coding\REI-Project\InstantlyAnalyze-Components\node_modules\@testing-library\react\node_modules\@testing-library\dom\dist\query-helpers.js:52:17
    at C:\Users\benpe\Coding\REI-Project\InstantlyAnalyze-Components\node_modules\@testing-library\react\node_modules\@testing-library\dom\dist\query-helpers.js:95:19
    at Object.&lt;anonymous&gt; (C:\Users\benpe\Coding\REI-Project\InstantlyAnalyze-Components\tst\components\FreeTrialBanner\FreeTrialBanner.test.tsx:169:21)
    at Promise.then.completed (C:\Users\benpe\Coding\REI-Project\InstantlyAnalyze-Components\node_modules\jest-circus\build\utils.js:298:28)
    at new Promise (&lt;anonymous&gt;)
    at callAsyncCircusFn (C:\Users\benpe\Coding\REI-Project\InstantlyAnalyze-Components\node_modules\jest-circus\build\utils.js:231:10)
    at _callCircusTest (C:\Users\benpe\Coding\REI-Project\InstantlyAnalyze-Components\node_modules\jest-circus\build\run.js:316:40)
    at processTicksAndRejections (node:internal/process/task_queues:95:5)
    at _runTest (C:\Users\benpe\Coding\REI-Project\InstantlyAnalyze-Components\node_modules\jest-circus\build\run.js:252:3)
    at _runTestsForDescribeBlock (C:\Users\benpe\Coding\REI-Project\InstantlyAnalyze-Components\node_modules\jest-circus\build\run.js:126:9)
    at _runTestsForDescribeBlock (C:\Users\benpe\Coding\REI-Project\InstantlyAnalyze-Components\node_modules\jest-circus\build\run.js:121:9)
    at _runTestsForDescribeBlock (C:\Users\benpe\Coding\REI-Project\InstantlyAnalyze-Components\node_modules\jest-circus\build\run.js:121:9)
    at run (C:\Users\benpe\Coding\REI-Project\InstantlyAnalyze-Components\node_modules\jest-circus\build\run.js:71:3)
    at runAndTransformResultsToJestFormat (C:\Users\benpe\Coding\REI-Project\InstantlyAnalyze-Components\node_modules\jest-circus\build\legacy-code-todo-rewrite\jestAdapterInit.js:122:21)
    at jestAdapter (C:\Users\benpe\Coding\REI-Project\InstantlyAnalyze-Components\node_modules\jest-circus\build\legacy-code-todo-rewrite\jestAdapter.js:79:19)
    at runTestInternal (C:\Users\benpe\Coding\REI-Project\InstantlyAnalyze-Components\node_modules\jest-runner\build\runTest.js:367:16)
    at runTest (C:\Users\benpe\Coding\REI-Project\InstantlyAnalyze-Components\node_modules\jest-runner\build\runTest.js:444:34)
    at Object.worker (C:\Users\benpe\Coding\REI-Project\InstantlyAnalyze-Components\node_modules\jest-runner\build\testWorker.js:106:12)</failure>
    </testcase>
    <testcase classname="FreeTrialBanner different remaining use counts should handle large number of remaining uses" name="FreeTrialBanner different remaining use counts should handle large number of remaining uses" time="0.073">
      <failure>TestingLibraryElementError: Unable to find an element with the text: /You have 999 more free/. This could be because the text is broken up by multiple elements. In this case, you can provide a function for your text matcher to make your matcher more flexible.

Ignored nodes: comments, script, style
&lt;body&gt;
  &lt;div&gt;
    &lt;div
      data-header=&quot;Limited Free Uses&quot;
      data-testid=&quot;alert-warning&quot;
    &gt;
      You have 
      &lt;strong&gt;
        999
      &lt;/strong&gt;
       more free 
      InstantlyReport uses
       under the free tier. Subscribe in order to have unlimited usage of this calculator.
    &lt;/div&gt;
  &lt;/div&gt;
&lt;/body&gt;
    at Object.getElementError (C:\Users\benpe\Coding\REI-Project\InstantlyAnalyze-Components\node_modules\@testing-library\react\node_modules\@testing-library\dom\dist\config.js:37:19)
    at C:\Users\benpe\Coding\REI-Project\InstantlyAnalyze-Components\node_modules\@testing-library\react\node_modules\@testing-library\dom\dist\query-helpers.js:76:38
    at C:\Users\benpe\Coding\REI-Project\InstantlyAnalyze-Components\node_modules\@testing-library\react\node_modules\@testing-library\dom\dist\query-helpers.js:52:17
    at C:\Users\benpe\Coding\REI-Project\InstantlyAnalyze-Components\node_modules\@testing-library\react\node_modules\@testing-library\dom\dist\query-helpers.js:95:19
    at Object.&lt;anonymous&gt; (C:\Users\benpe\Coding\REI-Project\InstantlyAnalyze-Components\tst\components\FreeTrialBanner\FreeTrialBanner.test.tsx:180:21)
    at Promise.then.completed (C:\Users\benpe\Coding\REI-Project\InstantlyAnalyze-Components\node_modules\jest-circus\build\utils.js:298:28)
    at new Promise (&lt;anonymous&gt;)
    at callAsyncCircusFn (C:\Users\benpe\Coding\REI-Project\InstantlyAnalyze-Components\node_modules\jest-circus\build\utils.js:231:10)
    at _callCircusTest (C:\Users\benpe\Coding\REI-Project\InstantlyAnalyze-Components\node_modules\jest-circus\build\run.js:316:40)
    at processTicksAndRejections (node:internal/process/task_queues:95:5)
    at _runTest (C:\Users\benpe\Coding\REI-Project\InstantlyAnalyze-Components\node_modules\jest-circus\build\run.js:252:3)
    at _runTestsForDescribeBlock (C:\Users\benpe\Coding\REI-Project\InstantlyAnalyze-Components\node_modules\jest-circus\build\run.js:126:9)
    at _runTestsForDescribeBlock (C:\Users\benpe\Coding\REI-Project\InstantlyAnalyze-Components\node_modules\jest-circus\build\run.js:121:9)
    at _runTestsForDescribeBlock (C:\Users\benpe\Coding\REI-Project\InstantlyAnalyze-Components\node_modules\jest-circus\build\run.js:121:9)
    at run (C:\Users\benpe\Coding\REI-Project\InstantlyAnalyze-Components\node_modules\jest-circus\build\run.js:71:3)
    at runAndTransformResultsToJestFormat (C:\Users\benpe\Coding\REI-Project\InstantlyAnalyze-Components\node_modules\jest-circus\build\legacy-code-todo-rewrite\jestAdapterInit.js:122:21)
    at jestAdapter (C:\Users\benpe\Coding\REI-Project\InstantlyAnalyze-Components\node_modules\jest-circus\build\legacy-code-todo-rewrite\jestAdapter.js:79:19)
    at runTestInternal (C:\Users\benpe\Coding\REI-Project\InstantlyAnalyze-Components\node_modules\jest-runner\build\runTest.js:367:16)
    at runTest (C:\Users\benpe\Coding\REI-Project\InstantlyAnalyze-Components\node_modules\jest-runner\build\runTest.js:444:34)
    at Object.worker (C:\Users\benpe\Coding\REI-Project\InstantlyAnalyze-Components\node_modules\jest-runner\build\testWorker.js:106:12)</failure>
    </testcase>
  </testsuite>
  <testsuite name="LineChart" errors="0" failures="7" skipped="0" timestamp="2025-07-31T04:52:58" time="58.092" tests="21">
    <testcase classname="LineChart rendering should render line chart component" name="LineChart rendering should render line chart component" time="0.518">
    </testcase>
    <testcase classname="LineChart rendering should pass datasets to chart component" name="LineChart rendering should pass datasets to chart component" time="0.077">
    </testcase>
    <testcase classname="LineChart rendering should pass labels to chart component" name="LineChart rendering should pass labels to chart component" time="0.025">
    </testcase>
    <testcase classname="LineChart rendering should render with custom title" name="LineChart rendering should render with custom title" time="0.02">
      <failure>Error: expect(received).toBe(expected) // Object.is equality

Expected: &quot;Custom Chart Title&quot;
Received: undefined
    at Object.&lt;anonymous&gt; (C:\Users\benpe\Coding\REI-Project\InstantlyAnalyze-Components\tst\components\Charts\LineChart.test.tsx:105:48)
    at Promise.then.completed (C:\Users\benpe\Coding\REI-Project\InstantlyAnalyze-Components\node_modules\jest-circus\build\utils.js:298:28)
    at new Promise (&lt;anonymous&gt;)
    at callAsyncCircusFn (C:\Users\benpe\Coding\REI-Project\InstantlyAnalyze-Components\node_modules\jest-circus\build\utils.js:231:10)
    at _callCircusTest (C:\Users\benpe\Coding\REI-Project\InstantlyAnalyze-Components\node_modules\jest-circus\build\run.js:316:40)
    at processTicksAndRejections (node:internal/process/task_queues:95:5)
    at _runTest (C:\Users\benpe\Coding\REI-Project\InstantlyAnalyze-Components\node_modules\jest-circus\build\run.js:252:3)
    at _runTestsForDescribeBlock (C:\Users\benpe\Coding\REI-Project\InstantlyAnalyze-Components\node_modules\jest-circus\build\run.js:126:9)
    at _runTestsForDescribeBlock (C:\Users\benpe\Coding\REI-Project\InstantlyAnalyze-Components\node_modules\jest-circus\build\run.js:121:9)
    at _runTestsForDescribeBlock (C:\Users\benpe\Coding\REI-Project\InstantlyAnalyze-Components\node_modules\jest-circus\build\run.js:121:9)
    at run (C:\Users\benpe\Coding\REI-Project\InstantlyAnalyze-Components\node_modules\jest-circus\build\run.js:71:3)
    at runAndTransformResultsToJestFormat (C:\Users\benpe\Coding\REI-Project\InstantlyAnalyze-Components\node_modules\jest-circus\build\legacy-code-todo-rewrite\jestAdapterInit.js:122:21)
    at jestAdapter (C:\Users\benpe\Coding\REI-Project\InstantlyAnalyze-Components\node_modules\jest-circus\build\legacy-code-todo-rewrite\jestAdapter.js:79:19)
    at runTestInternal (C:\Users\benpe\Coding\REI-Project\InstantlyAnalyze-Components\node_modules\jest-runner\build\runTest.js:367:16)
    at runTest (C:\Users\benpe\Coding\REI-Project\InstantlyAnalyze-Components\node_modules\jest-runner\build\runTest.js:444:34)
    at Object.worker (C:\Users\benpe\Coding\REI-Project\InstantlyAnalyze-Components\node_modules\jest-runner\build\testWorker.js:106:12)</failure>
    </testcase>
    <testcase classname="LineChart data processing should calculate correct Y-axis bounds" name="LineChart data processing should calculate correct Y-axis bounds" time="0.022">
    </testcase>
    <testcase classname="LineChart data processing should calculate correct X-axis bounds" name="LineChart data processing should calculate correct X-axis bounds" time="0.015">
    </testcase>
    <testcase classname="LineChart data processing should handle empty datasets" name="LineChart data processing should handle empty datasets" time="0.137">
    </testcase>
    <testcase classname="LineChart data processing should handle single dataset" name="LineChart data processing should handle single dataset" time="0.008">
    </testcase>
    <testcase classname="LineChart interactivity should be interactive by default" name="LineChart interactivity should be interactive by default" time="0.055">
      <failure>TypeError: Cannot read properties of undefined (reading &apos;mode&apos;)
    at Object.&lt;anonymous&gt; (C:\Users\benpe\Coding\REI-Project\InstantlyAnalyze-Components\tst\components\Charts\LineChart.test.tsx:159:40)
    at Promise.then.completed (C:\Users\benpe\Coding\REI-Project\InstantlyAnalyze-Components\node_modules\jest-circus\build\utils.js:298:28)
    at new Promise (&lt;anonymous&gt;)
    at callAsyncCircusFn (C:\Users\benpe\Coding\REI-Project\InstantlyAnalyze-Components\node_modules\jest-circus\build\utils.js:231:10)
    at _callCircusTest (C:\Users\benpe\Coding\REI-Project\InstantlyAnalyze-Components\node_modules\jest-circus\build\run.js:316:40)
    at processTicksAndRejections (node:internal/process/task_queues:95:5)
    at _runTest (C:\Users\benpe\Coding\REI-Project\InstantlyAnalyze-Components\node_modules\jest-circus\build\run.js:252:3)
    at _runTestsForDescribeBlock (C:\Users\benpe\Coding\REI-Project\InstantlyAnalyze-Components\node_modules\jest-circus\build\run.js:126:9)
    at _runTestsForDescribeBlock (C:\Users\benpe\Coding\REI-Project\InstantlyAnalyze-Components\node_modules\jest-circus\build\run.js:121:9)
    at _runTestsForDescribeBlock (C:\Users\benpe\Coding\REI-Project\InstantlyAnalyze-Components\node_modules\jest-circus\build\run.js:121:9)
    at run (C:\Users\benpe\Coding\REI-Project\InstantlyAnalyze-Components\node_modules\jest-circus\build\run.js:71:3)
    at runAndTransformResultsToJestFormat (C:\Users\benpe\Coding\REI-Project\InstantlyAnalyze-Components\node_modules\jest-circus\build\legacy-code-todo-rewrite\jestAdapterInit.js:122:21)
    at jestAdapter (C:\Users\benpe\Coding\REI-Project\InstantlyAnalyze-Components\node_modules\jest-circus\build\legacy-code-todo-rewrite\jestAdapter.js:79:19)
    at runTestInternal (C:\Users\benpe\Coding\REI-Project\InstantlyAnalyze-Components\node_modules\jest-runner\build\runTest.js:367:16)
    at runTest (C:\Users\benpe\Coding\REI-Project\InstantlyAnalyze-Components\node_modules\jest-runner\build\runTest.js:444:34)
    at Object.worker (C:\Users\benpe\Coding\REI-Project\InstantlyAnalyze-Components\node_modules\jest-runner\build\testWorker.js:106:12)</failure>
    </testcase>
    <testcase classname="LineChart interactivity should disable interactivity when interactive is false" name="LineChart interactivity should disable interactivity when interactive is false" time="0.009">
      <failure>TypeError: Cannot read properties of undefined (reading &apos;mode&apos;)
    at Object.&lt;anonymous&gt; (C:\Users\benpe\Coding\REI-Project\InstantlyAnalyze-Components\tst\components\Charts\LineChart.test.tsx:168:40)
    at Promise.then.completed (C:\Users\benpe\Coding\REI-Project\InstantlyAnalyze-Components\node_modules\jest-circus\build\utils.js:298:28)
    at new Promise (&lt;anonymous&gt;)
    at callAsyncCircusFn (C:\Users\benpe\Coding\REI-Project\InstantlyAnalyze-Components\node_modules\jest-circus\build\utils.js:231:10)
    at _callCircusTest (C:\Users\benpe\Coding\REI-Project\InstantlyAnalyze-Components\node_modules\jest-circus\build\run.js:316:40)
    at processTicksAndRejections (node:internal/process/task_queues:95:5)
    at _runTest (C:\Users\benpe\Coding\REI-Project\InstantlyAnalyze-Components\node_modules\jest-circus\build\run.js:252:3)
    at _runTestsForDescribeBlock (C:\Users\benpe\Coding\REI-Project\InstantlyAnalyze-Components\node_modules\jest-circus\build\run.js:126:9)
    at _runTestsForDescribeBlock (C:\Users\benpe\Coding\REI-Project\InstantlyAnalyze-Components\node_modules\jest-circus\build\run.js:121:9)
    at _runTestsForDescribeBlock (C:\Users\benpe\Coding\REI-Project\InstantlyAnalyze-Components\node_modules\jest-circus\build\run.js:121:9)
    at run (C:\Users\benpe\Coding\REI-Project\InstantlyAnalyze-Components\node_modules\jest-circus\build\run.js:71:3)
    at runAndTransformResultsToJestFormat (C:\Users\benpe\Coding\REI-Project\InstantlyAnalyze-Components\node_modules\jest-circus\build\legacy-code-todo-rewrite\jestAdapterInit.js:122:21)
    at jestAdapter (C:\Users\benpe\Coding\REI-Project\InstantlyAnalyze-Components\node_modules\jest-circus\build\legacy-code-todo-rewrite\jestAdapter.js:79:19)
    at runTestInternal (C:\Users\benpe\Coding\REI-Project\InstantlyAnalyze-Components\node_modules\jest-runner\build\runTest.js:367:16)
    at runTest (C:\Users\benpe\Coding\REI-Project\InstantlyAnalyze-Components\node_modules\jest-runner\build\runTest.js:444:34)
    at Object.worker (C:\Users\benpe\Coding\REI-Project\InstantlyAnalyze-Components\node_modules\jest-runner\build\testWorker.js:106:12)</failure>
    </testcase>
    <testcase classname="LineChart interactivity should call onPointClick when point is clicked" name="LineChart interactivity should call onPointClick when point is clicked" time="0.025">
    </testcase>
    <testcase classname="LineChart data formatting should use compressData by default" name="LineChart data formatting should use compressData by default" time="0.015">
      <failure>Error: expect(received).toBeDefined()

Received: undefined
    at Object.&lt;anonymous&gt; (C:\Users\benpe\Coding\REI-Project\InstantlyAnalyze-Components\tst\components\Charts\LineChart.test.tsx:192:53)
    at Promise.then.completed (C:\Users\benpe\Coding\REI-Project\InstantlyAnalyze-Components\node_modules\jest-circus\build\utils.js:298:28)
    at new Promise (&lt;anonymous&gt;)
    at callAsyncCircusFn (C:\Users\benpe\Coding\REI-Project\InstantlyAnalyze-Components\node_modules\jest-circus\build\utils.js:231:10)
    at _callCircusTest (C:\Users\benpe\Coding\REI-Project\InstantlyAnalyze-Components\node_modules\jest-circus\build\run.js:316:40)
    at processTicksAndRejections (node:internal/process/task_queues:95:5)
    at _runTest (C:\Users\benpe\Coding\REI-Project\InstantlyAnalyze-Components\node_modules\jest-circus\build\run.js:252:3)
    at _runTestsForDescribeBlock (C:\Users\benpe\Coding\REI-Project\InstantlyAnalyze-Components\node_modules\jest-circus\build\run.js:126:9)
    at _runTestsForDescribeBlock (C:\Users\benpe\Coding\REI-Project\InstantlyAnalyze-Components\node_modules\jest-circus\build\run.js:121:9)
    at _runTestsForDescribeBlock (C:\Users\benpe\Coding\REI-Project\InstantlyAnalyze-Components\node_modules\jest-circus\build\run.js:121:9)
    at run (C:\Users\benpe\Coding\REI-Project\InstantlyAnalyze-Components\node_modules\jest-circus\build\run.js:71:3)
    at runAndTransformResultsToJestFormat (C:\Users\benpe\Coding\REI-Project\InstantlyAnalyze-Components\node_modules\jest-circus\build\legacy-code-todo-rewrite\jestAdapterInit.js:122:21)
    at jestAdapter (C:\Users\benpe\Coding\REI-Project\InstantlyAnalyze-Components\node_modules\jest-circus\build\legacy-code-todo-rewrite\jestAdapter.js:79:19)
    at runTestInternal (C:\Users\benpe\Coding\REI-Project\InstantlyAnalyze-Components\node_modules\jest-runner\build\runTest.js:367:16)
    at runTest (C:\Users\benpe\Coding\REI-Project\InstantlyAnalyze-Components\node_modules\jest-runner\build\runTest.js:444:34)
    at Object.worker (C:\Users\benpe\Coding\REI-Project\InstantlyAnalyze-Components\node_modules\jest-runner\build\testWorker.js:106:12)</failure>
    </testcase>
    <testcase classname="LineChart data formatting should use addCommas when specified" name="LineChart data formatting should use addCommas when specified" time="0.035">
      <failure>Error: expect(received).toBeDefined()

Received: undefined
    at Object.&lt;anonymous&gt; (C:\Users\benpe\Coding\REI-Project\InstantlyAnalyze-Components\tst\components\Charts\LineChart.test.tsx:202:53)
    at Promise.then.completed (C:\Users\benpe\Coding\REI-Project\InstantlyAnalyze-Components\node_modules\jest-circus\build\utils.js:298:28)
    at new Promise (&lt;anonymous&gt;)
    at callAsyncCircusFn (C:\Users\benpe\Coding\REI-Project\InstantlyAnalyze-Components\node_modules\jest-circus\build\utils.js:231:10)
    at _callCircusTest (C:\Users\benpe\Coding\REI-Project\InstantlyAnalyze-Components\node_modules\jest-circus\build\run.js:316:40)
    at processTicksAndRejections (node:internal/process/task_queues:95:5)
    at _runTest (C:\Users\benpe\Coding\REI-Project\InstantlyAnalyze-Components\node_modules\jest-circus\build\run.js:252:3)
    at _runTestsForDescribeBlock (C:\Users\benpe\Coding\REI-Project\InstantlyAnalyze-Components\node_modules\jest-circus\build\run.js:126:9)
    at _runTestsForDescribeBlock (C:\Users\benpe\Coding\REI-Project\InstantlyAnalyze-Components\node_modules\jest-circus\build\run.js:121:9)
    at _runTestsForDescribeBlock (C:\Users\benpe\Coding\REI-Project\InstantlyAnalyze-Components\node_modules\jest-circus\build\run.js:121:9)
    at run (C:\Users\benpe\Coding\REI-Project\InstantlyAnalyze-Components\node_modules\jest-circus\build\run.js:71:3)
    at runAndTransformResultsToJestFormat (C:\Users\benpe\Coding\REI-Project\InstantlyAnalyze-Components\node_modules\jest-circus\build\legacy-code-todo-rewrite\jestAdapterInit.js:122:21)
    at jestAdapter (C:\Users\benpe\Coding\REI-Project\InstantlyAnalyze-Components\node_modules\jest-circus\build\legacy-code-todo-rewrite\jestAdapter.js:79:19)
    at runTestInternal (C:\Users\benpe\Coding\REI-Project\InstantlyAnalyze-Components\node_modules\jest-runner\build\runTest.js:367:16)
    at runTest (C:\Users\benpe\Coding\REI-Project\InstantlyAnalyze-Components\node_modules\jest-runner\build\runTest.js:444:34)
    at Object.worker (C:\Users\benpe\Coding\REI-Project\InstantlyAnalyze-Components\node_modules\jest-runner\build\testWorker.js:106:12)</failure>
    </testcase>
    <testcase classname="LineChart data formatting should use specified decimal count" name="LineChart data formatting should use specified decimal count" time="0.016">
      <failure>Error: expect(received).toBeDefined()

Received: undefined
    at Object.&lt;anonymous&gt; (C:\Users\benpe\Coding\REI-Project\InstantlyAnalyze-Components\tst\components\Charts\LineChart.test.tsx:212:53)
    at Promise.then.completed (C:\Users\benpe\Coding\REI-Project\InstantlyAnalyze-Components\node_modules\jest-circus\build\utils.js:298:28)
    at new Promise (&lt;anonymous&gt;)
    at callAsyncCircusFn (C:\Users\benpe\Coding\REI-Project\InstantlyAnalyze-Components\node_modules\jest-circus\build\utils.js:231:10)
    at _callCircusTest (C:\Users\benpe\Coding\REI-Project\InstantlyAnalyze-Components\node_modules\jest-circus\build\run.js:316:40)
    at processTicksAndRejections (node:internal/process/task_queues:95:5)
    at _runTest (C:\Users\benpe\Coding\REI-Project\InstantlyAnalyze-Components\node_modules\jest-circus\build\run.js:252:3)
    at _runTestsForDescribeBlock (C:\Users\benpe\Coding\REI-Project\InstantlyAnalyze-Components\node_modules\jest-circus\build\run.js:126:9)
    at _runTestsForDescribeBlock (C:\Users\benpe\Coding\REI-Project\InstantlyAnalyze-Components\node_modules\jest-circus\build\run.js:121:9)
    at _runTestsForDescribeBlock (C:\Users\benpe\Coding\REI-Project\InstantlyAnalyze-Components\node_modules\jest-circus\build\run.js:121:9)
    at run (C:\Users\benpe\Coding\REI-Project\InstantlyAnalyze-Components\node_modules\jest-circus\build\run.js:71:3)
    at runAndTransformResultsToJestFormat (C:\Users\benpe\Coding\REI-Project\InstantlyAnalyze-Components\node_modules\jest-circus\build\legacy-code-todo-rewrite\jestAdapterInit.js:122:21)
    at jestAdapter (C:\Users\benpe\Coding\REI-Project\InstantlyAnalyze-Components\node_modules\jest-circus\build\legacy-code-todo-rewrite\jestAdapter.js:79:19)
    at runTestInternal (C:\Users\benpe\Coding\REI-Project\InstantlyAnalyze-Components\node_modules\jest-runner\build\runTest.js:367:16)
    at runTest (C:\Users\benpe\Coding\REI-Project\InstantlyAnalyze-Components\node_modules\jest-runner\build\runTest.js:444:34)
    at Object.worker (C:\Users\benpe\Coding\REI-Project\InstantlyAnalyze-Components\node_modules\jest-runner\build\testWorker.js:106:12)</failure>
    </testcase>
    <testcase classname="LineChart chart options should set responsive to true" name="LineChart chart options should set responsive to true" time="0.012">
    </testcase>
    <testcase classname="LineChart chart options should set maintainAspectRatio to false" name="LineChart chart options should set maintainAspectRatio to false" time="0.017">
      <failure>Error: expect(received).toBe(expected) // Object.is equality

Expected: false
Received: true
    at Object.&lt;anonymous&gt; (C:\Users\benpe\Coding\REI-Project\InstantlyAnalyze-Components\tst\components\Charts\LineChart.test.tsx:232:49)
    at Promise.then.completed (C:\Users\benpe\Coding\REI-Project\InstantlyAnalyze-Components\node_modules\jest-circus\build\utils.js:298:28)
    at new Promise (&lt;anonymous&gt;)
    at callAsyncCircusFn (C:\Users\benpe\Coding\REI-Project\InstantlyAnalyze-Components\node_modules\jest-circus\build\utils.js:231:10)
    at _callCircusTest (C:\Users\benpe\Coding\REI-Project\InstantlyAnalyze-Components\node_modules\jest-circus\build\run.js:316:40)
    at processTicksAndRejections (node:internal/process/task_queues:95:5)
    at _runTest (C:\Users\benpe\Coding\REI-Project\InstantlyAnalyze-Components\node_modules\jest-circus\build\run.js:252:3)
    at _runTestsForDescribeBlock (C:\Users\benpe\Coding\REI-Project\InstantlyAnalyze-Components\node_modules\jest-circus\build\run.js:126:9)
    at _runTestsForDescribeBlock (C:\Users\benpe\Coding\REI-Project\InstantlyAnalyze-Components\node_modules\jest-circus\build\run.js:121:9)
    at _runTestsForDescribeBlock (C:\Users\benpe\Coding\REI-Project\InstantlyAnalyze-Components\node_modules\jest-circus\build\run.js:121:9)
    at run (C:\Users\benpe\Coding\REI-Project\InstantlyAnalyze-Components\node_modules\jest-circus\build\run.js:71:3)
    at runAndTransformResultsToJestFormat (C:\Users\benpe\Coding\REI-Project\InstantlyAnalyze-Components\node_modules\jest-circus\build\legacy-code-todo-rewrite\jestAdapterInit.js:122:21)
    at jestAdapter (C:\Users\benpe\Coding\REI-Project\InstantlyAnalyze-Components\node_modules\jest-circus\build\legacy-code-todo-rewrite\jestAdapter.js:79:19)
    at runTestInternal (C:\Users\benpe\Coding\REI-Project\InstantlyAnalyze-Components\node_modules\jest-runner\build\runTest.js:367:16)
    at runTest (C:\Users\benpe\Coding\REI-Project\InstantlyAnalyze-Components\node_modules\jest-runner\build\runTest.js:444:34)
    at Object.worker (C:\Users\benpe\Coding\REI-Project\InstantlyAnalyze-Components\node_modules\jest-runner\build\testWorker.js:106:12)</failure>
    </testcase>
    <testcase classname="LineChart chart options should configure tooltips" name="LineChart chart options should configure tooltips" time="0.013">
    </testcase>
    <testcase classname="LineChart chart options should configure legend" name="LineChart chart options should configure legend" time="0.012">
    </testcase>
    <testcase classname="LineChart edge cases should handle datasets with different lengths" name="LineChart edge cases should handle datasets with different lengths" time="0.015">
    </testcase>
    <testcase classname="LineChart edge cases should handle empty labels array" name="LineChart edge cases should handle empty labels array" time="0.015">
    </testcase>
    <testcase classname="LineChart edge cases should handle datasets with all zero values" name="LineChart edge cases should handle datasets with all zero values" time="0.12">
    </testcase>
  </testsuite>
  <testsuite name="Cards" errors="0" failures="5" skipped="0" timestamp="2025-07-31T04:52:58" time="58.462" tests="14">
    <testcase classname="Cards rendering should render the main heading" name="Cards rendering should render the main heading" time="0.882">
    </testcase>
    <testcase classname="Cards rendering should render the cards container structure" name="Cards rendering should render the cards container structure" time="0.12">
      <failure>TestingLibraryElementError: Unable to find an element by: [data-testid=&quot;cards-container&quot;]

Ignored nodes: comments, script, style
&lt;body&gt;
  &lt;div&gt;
    &lt;div
      class=&quot;cards&quot;
    &gt;
      &lt;h1&gt;
        Check out these EPIC Destinations!
      &lt;/h1&gt;
      &lt;div
        class=&quot;cards__container&quot;
      &gt;
        &lt;div
          class=&quot;cards__wrapper&quot;
        &gt;
          &lt;ul
            class=&quot;cards__items&quot;
          &gt;
            &lt;li
              data-label=&quot;Adventure&quot;
              data-path=&quot;/services&quot;
              data-src=&quot;public/home/img-9.jpg&quot;
              data-testid=&quot;card-item&quot;
              data-text=&quot;Explore the hidden waterfall deep inside the Amazon Jungle&quot;
            &gt;
              Explore the hidden waterfall deep inside the Amazon Jungle
            &lt;/li&gt;
            &lt;li
              data-label=&quot;Luxury&quot;
              data-path=&quot;/services&quot;
              data-src=&quot;public/home/img-2.jpg&quot;
              data-testid=&quot;card-item&quot;
              data-text=&quot;Travel through the Islands of Bali in a Private Cruise&quot;
            &gt;
              Travel through the Islands of Bali in a Private Cruise
            &lt;/li&gt;
          &lt;/ul&gt;
          &lt;ul
            class=&quot;cards__items&quot;
          &gt;
            &lt;li
              data-label=&quot;Mystery&quot;
              data-path=&quot;/services&quot;
              data-src=&quot;public/home/img-3.jpg&quot;
              data-testid=&quot;card-item&quot;
              data-text=&quot;Set Sail in the Atlantic Ocean visiting Uncharted Waters&quot;
            &gt;
              Set Sail in the Atlantic Ocean visiting Uncharted Waters
            &lt;/li&gt;
            &lt;li
              data-label=&quot;Adventure&quot;
              data-path=&quot;/products&quot;
              data-src=&quot;public/home/img-4.jpg&quot;
              data-testid=&quot;card-item&quot;
              data-text=&quot;Experience Football on Top of the Himilayan Mountains&quot;
            &gt;
              Experience Football on Top of the Himilayan Mountains
            &lt;/li&gt;
            &lt;li
              data-label=&quot;Adrenaline&quot;
              data-path=&quot;/sign-up&quot;
              data-src=&quot;public/home/img-8.jpg&quot;
              data-testid=&quot;card-item&quot;
              data-text=&quot;Ride through the Sahara Desert on a guided camel tour&quot;
            &gt;
              Ride through the Sahara Desert on a guided camel tour
            &lt;/li&gt;
          &lt;/ul&gt;
        &lt;/div&gt;
      &lt;/div&gt;
    &lt;/div&gt;
  &lt;/div&gt;
&lt;/body&gt;
    at Object.getElementError (C:\Users\benpe\Coding\REI-Project\InstantlyAnalyze-Components\node_modules\@testing-library\react\node_modules\@testing-library\dom\dist\config.js:37:19)
    at C:\Users\benpe\Coding\REI-Project\InstantlyAnalyze-Components\node_modules\@testing-library\react\node_modules\@testing-library\dom\dist\query-helpers.js:76:38
    at C:\Users\benpe\Coding\REI-Project\InstantlyAnalyze-Components\node_modules\@testing-library\react\node_modules\@testing-library\dom\dist\query-helpers.js:52:17
    at C:\Users\benpe\Coding\REI-Project\InstantlyAnalyze-Components\node_modules\@testing-library\react\node_modules\@testing-library\dom\dist\query-helpers.js:95:19
    at Object.&lt;anonymous&gt; (C:\Users\benpe\Coding\REI-Project\InstantlyAnalyze-Components\tst\components\Cards\Cards.test.tsx:31:37)
    at Promise.then.completed (C:\Users\benpe\Coding\REI-Project\InstantlyAnalyze-Components\node_modules\jest-circus\build\utils.js:298:28)
    at new Promise (&lt;anonymous&gt;)
    at callAsyncCircusFn (C:\Users\benpe\Coding\REI-Project\InstantlyAnalyze-Components\node_modules\jest-circus\build\utils.js:231:10)
    at _callCircusTest (C:\Users\benpe\Coding\REI-Project\InstantlyAnalyze-Components\node_modules\jest-circus\build\run.js:316:40)
    at processTicksAndRejections (node:internal/process/task_queues:95:5)
    at _runTest (C:\Users\benpe\Coding\REI-Project\InstantlyAnalyze-Components\node_modules\jest-circus\build\run.js:252:3)
    at _runTestsForDescribeBlock (C:\Users\benpe\Coding\REI-Project\InstantlyAnalyze-Components\node_modules\jest-circus\build\run.js:126:9)
    at _runTestsForDescribeBlock (C:\Users\benpe\Coding\REI-Project\InstantlyAnalyze-Components\node_modules\jest-circus\build\run.js:121:9)
    at _runTestsForDescribeBlock (C:\Users\benpe\Coding\REI-Project\InstantlyAnalyze-Components\node_modules\jest-circus\build\run.js:121:9)
    at run (C:\Users\benpe\Coding\REI-Project\InstantlyAnalyze-Components\node_modules\jest-circus\build\run.js:71:3)
    at runAndTransformResultsToJestFormat (C:\Users\benpe\Coding\REI-Project\InstantlyAnalyze-Components\node_modules\jest-circus\build\legacy-code-todo-rewrite\jestAdapterInit.js:122:21)
    at jestAdapter (C:\Users\benpe\Coding\REI-Project\InstantlyAnalyze-Components\node_modules\jest-circus\build\legacy-code-todo-rewrite\jestAdapter.js:79:19)
    at runTestInternal (C:\Users\benpe\Coding\REI-Project\InstantlyAnalyze-Components\node_modules\jest-runner\build\runTest.js:367:16)
    at runTest (C:\Users\benpe\Coding\REI-Project\InstantlyAnalyze-Components\node_modules\jest-runner\build\runTest.js:444:34)
    at Object.worker (C:\Users\benpe\Coding\REI-Project\InstantlyAnalyze-Components\node_modules\jest-runner\build\testWorker.js:106:12)</failure>
    </testcase>
    <testcase classname="Cards rendering should render all card items" name="Cards rendering should render all card items" time="0.034">
    </testcase>
    <testcase classname="Cards card content should render the first card with correct content" name="Cards card content should render the first card with correct content" time="0.026">
    </testcase>
    <testcase classname="Cards card content should render the second card with correct content" name="Cards card content should render the second card with correct content" time="0.022">
    </testcase>
    <testcase classname="Cards card content should render the third card with correct content" name="Cards card content should render the third card with correct content" time="0.019">
    </testcase>
    <testcase classname="Cards card content should render the fourth card with correct content" name="Cards card content should render the fourth card with correct content" time="0.017">
    </testcase>
    <testcase classname="Cards card content should render the fifth card with correct content" name="Cards card content should render the fifth card with correct content" time="0.027">
    </testcase>
    <testcase classname="Cards structure should have proper HTML structure" name="Cards structure should have proper HTML structure" time="0.231">
      <failure>TestingLibraryElementError: Unable to find an element by: [data-testid=&quot;cards&quot;]

Ignored nodes: comments, script, style
&lt;body&gt;
  &lt;div&gt;
    &lt;div
      class=&quot;cards&quot;
    &gt;
      &lt;h1&gt;
        Check out these EPIC Destinations!
      &lt;/h1&gt;
      &lt;div
        class=&quot;cards__container&quot;
      &gt;
        &lt;div
          class=&quot;cards__wrapper&quot;
        &gt;
          &lt;ul
            class=&quot;cards__items&quot;
          &gt;
            &lt;li
              data-label=&quot;Adventure&quot;
              data-path=&quot;/services&quot;
              data-src=&quot;public/home/img-9.jpg&quot;
              data-testid=&quot;card-item&quot;
              data-text=&quot;Explore the hidden waterfall deep inside the Amazon Jungle&quot;
            &gt;
              Explore the hidden waterfall deep inside the Amazon Jungle
            &lt;/li&gt;
            &lt;li
              data-label=&quot;Luxury&quot;
              data-path=&quot;/services&quot;
              data-src=&quot;public/home/img-2.jpg&quot;
              data-testid=&quot;card-item&quot;
              data-text=&quot;Travel through the Islands of Bali in a Private Cruise&quot;
            &gt;
              Travel through the Islands of Bali in a Private Cruise
            &lt;/li&gt;
          &lt;/ul&gt;
          &lt;ul
            class=&quot;cards__items&quot;
          &gt;
            &lt;li
              data-label=&quot;Mystery&quot;
              data-path=&quot;/services&quot;
              data-src=&quot;public/home/img-3.jpg&quot;
              data-testid=&quot;card-item&quot;
              data-text=&quot;Set Sail in the Atlantic Ocean visiting Uncharted Waters&quot;
            &gt;
              Set Sail in the Atlantic Ocean visiting Uncharted Waters
            &lt;/li&gt;
            &lt;li
              data-label=&quot;Adventure&quot;
              data-path=&quot;/products&quot;
              data-src=&quot;public/home/img-4.jpg&quot;
              data-testid=&quot;card-item&quot;
              data-text=&quot;Experience Football on Top of the Himilayan Mountains&quot;
            &gt;
              Experience Football on Top of the Himilayan Mountains
            &lt;/li&gt;
            &lt;li
              data-label=&quot;Adrenaline&quot;
              data-path=&quot;/sign-up&quot;
              data-src=&quot;public/home/img-8.jpg&quot;
              data-testid=&quot;card-item&quot;
              data-text=&quot;Ride through the Sahara Desert on a guided camel tour&quot;
            &gt;
              Ride through the Sahara Desert on a guided camel tour
            &lt;/li&gt;
          &lt;/ul&gt;
        &lt;/div&gt;
      &lt;/div&gt;
    &lt;/div&gt;
  &lt;/div&gt;
&lt;/body&gt;
    at Object.getElementError (C:\Users\benpe\Coding\REI-Project\InstantlyAnalyze-Components\node_modules\@testing-library\react\node_modules\@testing-library\dom\dist\config.js:37:19)
    at C:\Users\benpe\Coding\REI-Project\InstantlyAnalyze-Components\node_modules\@testing-library\react\node_modules\@testing-library\dom\dist\query-helpers.js:76:38
    at C:\Users\benpe\Coding\REI-Project\InstantlyAnalyze-Components\node_modules\@testing-library\react\node_modules\@testing-library\dom\dist\query-helpers.js:52:17
    at C:\Users\benpe\Coding\REI-Project\InstantlyAnalyze-Components\node_modules\@testing-library\react\node_modules\@testing-library\dom\dist\query-helpers.js:95:19
    at Object.&lt;anonymous&gt; (C:\Users\benpe\Coding\REI-Project\InstantlyAnalyze-Components\tst\components\Cards\Cards.test.tsx:112:31)
    at Promise.then.completed (C:\Users\benpe\Coding\REI-Project\InstantlyAnalyze-Components\node_modules\jest-circus\build\utils.js:298:28)
    at new Promise (&lt;anonymous&gt;)
    at callAsyncCircusFn (C:\Users\benpe\Coding\REI-Project\InstantlyAnalyze-Components\node_modules\jest-circus\build\utils.js:231:10)
    at _callCircusTest (C:\Users\benpe\Coding\REI-Project\InstantlyAnalyze-Components\node_modules\jest-circus\build\run.js:316:40)
    at processTicksAndRejections (node:internal/process/task_queues:95:5)
    at _runTest (C:\Users\benpe\Coding\REI-Project\InstantlyAnalyze-Components\node_modules\jest-circus\build\run.js:252:3)
    at _runTestsForDescribeBlock (C:\Users\benpe\Coding\REI-Project\InstantlyAnalyze-Components\node_modules\jest-circus\build\run.js:126:9)
    at _runTestsForDescribeBlock (C:\Users\benpe\Coding\REI-Project\InstantlyAnalyze-Components\node_modules\jest-circus\build\run.js:121:9)
    at _runTestsForDescribeBlock (C:\Users\benpe\Coding\REI-Project\InstantlyAnalyze-Components\node_modules\jest-circus\build\run.js:121:9)
    at run (C:\Users\benpe\Coding\REI-Project\InstantlyAnalyze-Components\node_modules\jest-circus\build\run.js:71:3)
    at runAndTransformResultsToJestFormat (C:\Users\benpe\Coding\REI-Project\InstantlyAnalyze-Components\node_modules\jest-circus\build\legacy-code-todo-rewrite\jestAdapterInit.js:122:21)
    at jestAdapter (C:\Users\benpe\Coding\REI-Project\InstantlyAnalyze-Components\node_modules\jest-circus\build\legacy-code-todo-rewrite\jestAdapter.js:79:19)
    at runTestInternal (C:\Users\benpe\Coding\REI-Project\InstantlyAnalyze-Components\node_modules\jest-runner\build\runTest.js:367:16)
    at runTest (C:\Users\benpe\Coding\REI-Project\InstantlyAnalyze-Components\node_modules\jest-runner\build\runTest.js:444:34)
    at Object.worker (C:\Users\benpe\Coding\REI-Project\InstantlyAnalyze-Components\node_modules\jest-runner\build\testWorker.js:106:12)</failure>
    </testcase>
    <testcase classname="Cards structure should have two card item lists" name="Cards structure should have two card item lists" time="0.039">
      <failure>TestingLibraryElementError: Unable to find an element by: [data-testid=&quot;cards-items&quot;]

Ignored nodes: comments, script, style
&lt;body&gt;
  &lt;div&gt;
    &lt;div
      class=&quot;cards&quot;
    &gt;
      &lt;h1&gt;
        Check out these EPIC Destinations!
      &lt;/h1&gt;
      &lt;div
        class=&quot;cards__container&quot;
      &gt;
        &lt;div
          class=&quot;cards__wrapper&quot;
        &gt;
          &lt;ul
            class=&quot;cards__items&quot;
          &gt;
            &lt;li
              data-label=&quot;Adventure&quot;
              data-path=&quot;/services&quot;
              data-src=&quot;public/home/img-9.jpg&quot;
              data-testid=&quot;card-item&quot;
              data-text=&quot;Explore the hidden waterfall deep inside the Amazon Jungle&quot;
            &gt;
              Explore the hidden waterfall deep inside the Amazon Jungle
            &lt;/li&gt;
            &lt;li
              data-label=&quot;Luxury&quot;
              data-path=&quot;/services&quot;
              data-src=&quot;public/home/img-2.jpg&quot;
              data-testid=&quot;card-item&quot;
              data-text=&quot;Travel through the Islands of Bali in a Private Cruise&quot;
            &gt;
              Travel through the Islands of Bali in a Private Cruise
            &lt;/li&gt;
          &lt;/ul&gt;
          &lt;ul
            class=&quot;cards__items&quot;
          &gt;
            &lt;li
              data-label=&quot;Mystery&quot;
              data-path=&quot;/services&quot;
              data-src=&quot;public/home/img-3.jpg&quot;
              data-testid=&quot;card-item&quot;
              data-text=&quot;Set Sail in the Atlantic Ocean visiting Uncharted Waters&quot;
            &gt;
              Set Sail in the Atlantic Ocean visiting Uncharted Waters
            &lt;/li&gt;
            &lt;li
              data-label=&quot;Adventure&quot;
              data-path=&quot;/products&quot;
              data-src=&quot;public/home/img-4.jpg&quot;
              data-testid=&quot;card-item&quot;
              data-text=&quot;Experience Football on Top of the Himilayan Mountains&quot;
            &gt;
              Experience Football on Top of the Himilayan Mountains
            &lt;/li&gt;
            &lt;li
              data-label=&quot;Adrenaline&quot;
              data-path=&quot;/sign-up&quot;
              data-src=&quot;public/home/img-8.jpg&quot;
              data-testid=&quot;card-item&quot;
              data-text=&quot;Ride through the Sahara Desert on a guided camel tour&quot;
            &gt;
              Ride through the Sahara Desert on a guided camel tour
            &lt;/li&gt;
          &lt;/ul&gt;
        &lt;/div&gt;
      &lt;/div&gt;
    &lt;/div&gt;
  &lt;/div&gt;
&lt;/body&gt;
    at Object.getElementError (C:\Users\benpe\Coding\REI-Project\InstantlyAnalyze-Components\node_modules\@testing-library\react\node_modules\@testing-library\dom\dist\config.js:37:19)
    at C:\Users\benpe\Coding\REI-Project\InstantlyAnalyze-Components\node_modules\@testing-library\react\node_modules\@testing-library\dom\dist\query-helpers.js:76:38
    at C:\Users\benpe\Coding\REI-Project\InstantlyAnalyze-Components\node_modules\@testing-library\react\node_modules\@testing-library\dom\dist\query-helpers.js:109:15
    at Object.&lt;anonymous&gt; (C:\Users\benpe\Coding\REI-Project\InstantlyAnalyze-Components\tst\components\Cards\Cards.test.tsx:125:36)
    at Promise.then.completed (C:\Users\benpe\Coding\REI-Project\InstantlyAnalyze-Components\node_modules\jest-circus\build\utils.js:298:28)
    at new Promise (&lt;anonymous&gt;)
    at callAsyncCircusFn (C:\Users\benpe\Coding\REI-Project\InstantlyAnalyze-Components\node_modules\jest-circus\build\utils.js:231:10)
    at _callCircusTest (C:\Users\benpe\Coding\REI-Project\InstantlyAnalyze-Components\node_modules\jest-circus\build\run.js:316:40)
    at processTicksAndRejections (node:internal/process/task_queues:95:5)
    at _runTest (C:\Users\benpe\Coding\REI-Project\InstantlyAnalyze-Components\node_modules\jest-circus\build\run.js:252:3)
    at _runTestsForDescribeBlock (C:\Users\benpe\Coding\REI-Project\InstantlyAnalyze-Components\node_modules\jest-circus\build\run.js:126:9)
    at _runTestsForDescribeBlock (C:\Users\benpe\Coding\REI-Project\InstantlyAnalyze-Components\node_modules\jest-circus\build\run.js:121:9)
    at _runTestsForDescribeBlock (C:\Users\benpe\Coding\REI-Project\InstantlyAnalyze-Components\node_modules\jest-circus\build\run.js:121:9)
    at run (C:\Users\benpe\Coding\REI-Project\InstantlyAnalyze-Components\node_modules\jest-circus\build\run.js:71:3)
    at runAndTransformResultsToJestFormat (C:\Users\benpe\Coding\REI-Project\InstantlyAnalyze-Components\node_modules\jest-circus\build\legacy-code-todo-rewrite\jestAdapterInit.js:122:21)
    at jestAdapter (C:\Users\benpe\Coding\REI-Project\InstantlyAnalyze-Components\node_modules\jest-circus\build\legacy-code-todo-rewrite\jestAdapter.js:79:19)
    at runTestInternal (C:\Users\benpe\Coding\REI-Project\InstantlyAnalyze-Components\node_modules\jest-runner\build\runTest.js:367:16)
    at runTest (C:\Users\benpe\Coding\REI-Project\InstantlyAnalyze-Components\node_modules\jest-runner\build\runTest.js:444:34)
    at Object.worker (C:\Users\benpe\Coding\REI-Project\InstantlyAnalyze-Components\node_modules\jest-runner\build\testWorker.js:106:12)</failure>
    </testcase>
    <testcase classname="Cards structure should have correct number of cards in each list" name="Cards structure should have correct number of cards in each list" time="0.015">
      <failure>TestingLibraryElementError: Unable to find an element by: [data-testid=&quot;cards-items&quot;]

Ignored nodes: comments, script, style
&lt;body&gt;
  &lt;div&gt;
    &lt;div
      class=&quot;cards&quot;
    &gt;
      &lt;h1&gt;
        Check out these EPIC Destinations!
      &lt;/h1&gt;
      &lt;div
        class=&quot;cards__container&quot;
      &gt;
        &lt;div
          class=&quot;cards__wrapper&quot;
        &gt;
          &lt;ul
            class=&quot;cards__items&quot;
          &gt;
            &lt;li
              data-label=&quot;Adventure&quot;
              data-path=&quot;/services&quot;
              data-src=&quot;public/home/img-9.jpg&quot;
              data-testid=&quot;card-item&quot;
              data-text=&quot;Explore the hidden waterfall deep inside the Amazon Jungle&quot;
            &gt;
              Explore the hidden waterfall deep inside the Amazon Jungle
            &lt;/li&gt;
            &lt;li
              data-label=&quot;Luxury&quot;
              data-path=&quot;/services&quot;
              data-src=&quot;public/home/img-2.jpg&quot;
              data-testid=&quot;card-item&quot;
              data-text=&quot;Travel through the Islands of Bali in a Private Cruise&quot;
            &gt;
              Travel through the Islands of Bali in a Private Cruise
            &lt;/li&gt;
          &lt;/ul&gt;
          &lt;ul
            class=&quot;cards__items&quot;
          &gt;
            &lt;li
              data-label=&quot;Mystery&quot;
              data-path=&quot;/services&quot;
              data-src=&quot;public/home/img-3.jpg&quot;
              data-testid=&quot;card-item&quot;
              data-text=&quot;Set Sail in the Atlantic Ocean visiting Uncharted Waters&quot;
            &gt;
              Set Sail in the Atlantic Ocean visiting Uncharted Waters
            &lt;/li&gt;
            &lt;li
              data-label=&quot;Adventure&quot;
              data-path=&quot;/products&quot;
              data-src=&quot;public/home/img-4.jpg&quot;
              data-testid=&quot;card-item&quot;
              data-text=&quot;Experience Football on Top of the Himilayan Mountains&quot;
            &gt;
              Experience Football on Top of the Himilayan Mountains
            &lt;/li&gt;
            &lt;li
              data-label=&quot;Adrenaline&quot;
              data-path=&quot;/sign-up&quot;
              data-src=&quot;public/home/img-8.jpg&quot;
              data-testid=&quot;card-item&quot;
              data-text=&quot;Ride through the Sahara Desert on a guided camel tour&quot;
            &gt;
              Ride through the Sahara Desert on a guided camel tour
            &lt;/li&gt;
          &lt;/ul&gt;
        &lt;/div&gt;
      &lt;/div&gt;
    &lt;/div&gt;
  &lt;/div&gt;
&lt;/body&gt;
    at Object.getElementError (C:\Users\benpe\Coding\REI-Project\InstantlyAnalyze-Components\node_modules\@testing-library\react\node_modules\@testing-library\dom\dist\config.js:37:19)
    at C:\Users\benpe\Coding\REI-Project\InstantlyAnalyze-Components\node_modules\@testing-library\react\node_modules\@testing-library\dom\dist\query-helpers.js:76:38
    at C:\Users\benpe\Coding\REI-Project\InstantlyAnalyze-Components\node_modules\@testing-library\react\node_modules\@testing-library\dom\dist\query-helpers.js:109:15
    at Object.&lt;anonymous&gt; (C:\Users\benpe\Coding\REI-Project\InstantlyAnalyze-Components\tst\components\Cards\Cards.test.tsx:132:36)
    at Promise.then.completed (C:\Users\benpe\Coding\REI-Project\InstantlyAnalyze-Components\node_modules\jest-circus\build\utils.js:298:28)
    at new Promise (&lt;anonymous&gt;)
    at callAsyncCircusFn (C:\Users\benpe\Coding\REI-Project\InstantlyAnalyze-Components\node_modules\jest-circus\build\utils.js:231:10)
    at _callCircusTest (C:\Users\benpe\Coding\REI-Project\InstantlyAnalyze-Components\node_modules\jest-circus\build\run.js:316:40)
    at processTicksAndRejections (node:internal/process/task_queues:95:5)
    at _runTest (C:\Users\benpe\Coding\REI-Project\InstantlyAnalyze-Components\node_modules\jest-circus\build\run.js:252:3)
    at _runTestsForDescribeBlock (C:\Users\benpe\Coding\REI-Project\InstantlyAnalyze-Components\node_modules\jest-circus\build\run.js:126:9)
    at _runTestsForDescribeBlock (C:\Users\benpe\Coding\REI-Project\InstantlyAnalyze-Components\node_modules\jest-circus\build\run.js:121:9)
    at _runTestsForDescribeBlock (C:\Users\benpe\Coding\REI-Project\InstantlyAnalyze-Components\node_modules\jest-circus\build\run.js:121:9)
    at run (C:\Users\benpe\Coding\REI-Project\InstantlyAnalyze-Components\node_modules\jest-circus\build\run.js:71:3)
    at runAndTransformResultsToJestFormat (C:\Users\benpe\Coding\REI-Project\InstantlyAnalyze-Components\node_modules\jest-circus\build\legacy-code-todo-rewrite\jestAdapterInit.js:122:21)
    at jestAdapter (C:\Users\benpe\Coding\REI-Project\InstantlyAnalyze-Components\node_modules\jest-circus\build\legacy-code-todo-rewrite\jestAdapter.js:79:19)
    at runTestInternal (C:\Users\benpe\Coding\REI-Project\InstantlyAnalyze-Components\node_modules\jest-runner\build\runTest.js:367:16)
    at runTest (C:\Users\benpe\Coding\REI-Project\InstantlyAnalyze-Components\node_modules\jest-runner\build\runTest.js:444:34)
    at Object.worker (C:\Users\benpe\Coding\REI-Project\InstantlyAnalyze-Components\node_modules\jest-runner\build\testWorker.js:106:12)</failure>
    </testcase>
    <testcase classname="Cards accessibility should have proper heading structure" name="Cards accessibility should have proper heading structure" time="0.173">
    </testcase>
    <testcase classname="Cards accessibility should have proper list structure" name="Cards accessibility should have proper list structure" time="0.016">
      <failure>TestingLibraryElementError: Unable to find an element by: [data-testid=&quot;cards-items&quot;]

Ignored nodes: comments, script, style
&lt;body&gt;
  &lt;div&gt;
    &lt;div
      class=&quot;cards&quot;
    &gt;
      &lt;h1&gt;
        Check out these EPIC Destinations!
      &lt;/h1&gt;
      &lt;div
        class=&quot;cards__container&quot;
      &gt;
        &lt;div
          class=&quot;cards__wrapper&quot;
        &gt;
          &lt;ul
            class=&quot;cards__items&quot;
          &gt;
            &lt;li
              data-label=&quot;Adventure&quot;
              data-path=&quot;/services&quot;
              data-src=&quot;public/home/img-9.jpg&quot;
              data-testid=&quot;card-item&quot;
              data-text=&quot;Explore the hidden waterfall deep inside the Amazon Jungle&quot;
            &gt;
              Explore the hidden waterfall deep inside the Amazon Jungle
            &lt;/li&gt;
            &lt;li
              data-label=&quot;Luxury&quot;
              data-path=&quot;/services&quot;
              data-src=&quot;public/home/img-2.jpg&quot;
              data-testid=&quot;card-item&quot;
              data-text=&quot;Travel through the Islands of Bali in a Private Cruise&quot;
            &gt;
              Travel through the Islands of Bali in a Private Cruise
            &lt;/li&gt;
          &lt;/ul&gt;
          &lt;ul
            class=&quot;cards__items&quot;
          &gt;
            &lt;li
              data-label=&quot;Mystery&quot;
              data-path=&quot;/services&quot;
              data-src=&quot;public/home/img-3.jpg&quot;
              data-testid=&quot;card-item&quot;
              data-text=&quot;Set Sail in the Atlantic Ocean visiting Uncharted Waters&quot;
            &gt;
              Set Sail in the Atlantic Ocean visiting Uncharted Waters
            &lt;/li&gt;
            &lt;li
              data-label=&quot;Adventure&quot;
              data-path=&quot;/products&quot;
              data-src=&quot;public/home/img-4.jpg&quot;
              data-testid=&quot;card-item&quot;
              data-text=&quot;Experience Football on Top of the Himilayan Mountains&quot;
            &gt;
              Experience Football on Top of the Himilayan Mountains
            &lt;/li&gt;
            &lt;li
              data-label=&quot;Adrenaline&quot;
              data-path=&quot;/sign-up&quot;
              data-src=&quot;public/home/img-8.jpg&quot;
              data-testid=&quot;card-item&quot;
              data-text=&quot;Ride through the Sahara Desert on a guided camel tour&quot;
            &gt;
              Ride through the Sahara Desert on a guided camel tour
            &lt;/li&gt;
          &lt;/ul&gt;
        &lt;/div&gt;
      &lt;/div&gt;
    &lt;/div&gt;
  &lt;/div&gt;
&lt;/body&gt;
    at Object.getElementError (C:\Users\benpe\Coding\REI-Project\InstantlyAnalyze-Components\node_modules\@testing-library\react\node_modules\@testing-library\dom\dist\config.js:37:19)
    at C:\Users\benpe\Coding\REI-Project\InstantlyAnalyze-Components\node_modules\@testing-library\react\node_modules\@testing-library\dom\dist\query-helpers.js:76:38
    at C:\Users\benpe\Coding\REI-Project\InstantlyAnalyze-Components\node_modules\@testing-library\react\node_modules\@testing-library\dom\dist\query-helpers.js:109:15
    at Object.&lt;anonymous&gt; (C:\Users\benpe\Coding\REI-Project\InstantlyAnalyze-Components\tst\components\Cards\Cards.test.tsx:156:28)
    at Promise.then.completed (C:\Users\benpe\Coding\REI-Project\InstantlyAnalyze-Components\node_modules\jest-circus\build\utils.js:298:28)
    at new Promise (&lt;anonymous&gt;)
    at callAsyncCircusFn (C:\Users\benpe\Coding\REI-Project\InstantlyAnalyze-Components\node_modules\jest-circus\build\utils.js:231:10)
    at _callCircusTest (C:\Users\benpe\Coding\REI-Project\InstantlyAnalyze-Components\node_modules\jest-circus\build\run.js:316:40)
    at processTicksAndRejections (node:internal/process/task_queues:95:5)
    at _runTest (C:\Users\benpe\Coding\REI-Project\InstantlyAnalyze-Components\node_modules\jest-circus\build\run.js:252:3)
    at _runTestsForDescribeBlock (C:\Users\benpe\Coding\REI-Project\InstantlyAnalyze-Components\node_modules\jest-circus\build\run.js:126:9)
    at _runTestsForDescribeBlock (C:\Users\benpe\Coding\REI-Project\InstantlyAnalyze-Components\node_modules\jest-circus\build\run.js:121:9)
    at _runTestsForDescribeBlock (C:\Users\benpe\Coding\REI-Project\InstantlyAnalyze-Components\node_modules\jest-circus\build\run.js:121:9)
    at run (C:\Users\benpe\Coding\REI-Project\InstantlyAnalyze-Components\node_modules\jest-circus\build\run.js:71:3)
    at runAndTransformResultsToJestFormat (C:\Users\benpe\Coding\REI-Project\InstantlyAnalyze-Components\node_modules\jest-circus\build\legacy-code-todo-rewrite\jestAdapterInit.js:122:21)
    at jestAdapter (C:\Users\benpe\Coding\REI-Project\InstantlyAnalyze-Components\node_modules\jest-circus\build\legacy-code-todo-rewrite\jestAdapter.js:79:19)
    at runTestInternal (C:\Users\benpe\Coding\REI-Project\InstantlyAnalyze-Components\node_modules\jest-runner\build\runTest.js:367:16)
    at runTest (C:\Users\benpe\Coding\REI-Project\InstantlyAnalyze-Components\node_modules\jest-runner\build\runTest.js:444:34)
    at Object.worker (C:\Users\benpe\Coding\REI-Project\InstantlyAnalyze-Components\node_modules\jest-runner\build\testWorker.js:106:12)</failure>
    </testcase>
    <testcase classname="Cards accessibility should have proper list item structure" name="Cards accessibility should have proper list item structure" time="0.013">
    </testcase>
  </testsuite>
  <testsuite name="Separator" errors="0" failures="12" skipped="0" timestamp="2025-07-31T04:52:58" time="58.029" tests="12">
    <testcase classname="Separator rendering should render separator container" name="Separator rendering should render separator container" time="0.226">
      <failure>TestingLibraryElementError: Unable to find an element by: [data-testid=&quot;separator-container&quot;]

Ignored nodes: comments, script, style
&lt;body&gt;
  &lt;div&gt;
    &lt;div
      class=&quot;separator-container&quot;
    &gt;
      &lt;div
        class=&quot;separator&quot;
        style=&quot;width: 60%;&quot;
      /&gt;
    &lt;/div&gt;
  &lt;/div&gt;
&lt;/body&gt;
    at Object.getElementError (C:\Users\benpe\Coding\REI-Project\InstantlyAnalyze-Components\node_modules\@testing-library\react\node_modules\@testing-library\dom\dist\config.js:37:19)
    at C:\Users\benpe\Coding\REI-Project\InstantlyAnalyze-Components\node_modules\@testing-library\react\node_modules\@testing-library\dom\dist\query-helpers.js:76:38
    at C:\Users\benpe\Coding\REI-Project\InstantlyAnalyze-Components\node_modules\@testing-library\react\node_modules\@testing-library\dom\dist\query-helpers.js:52:17
    at C:\Users\benpe\Coding\REI-Project\InstantlyAnalyze-Components\node_modules\@testing-library\react\node_modules\@testing-library\dom\dist\query-helpers.js:95:19
    at Object.&lt;anonymous&gt; (C:\Users\benpe\Coding\REI-Project\InstantlyAnalyze-Components\tst\components\Separator\Separator.test.tsx:14:32)
    at Promise.then.completed (C:\Users\benpe\Coding\REI-Project\InstantlyAnalyze-Components\node_modules\jest-circus\build\utils.js:298:28)
    at new Promise (&lt;anonymous&gt;)
    at callAsyncCircusFn (C:\Users\benpe\Coding\REI-Project\InstantlyAnalyze-Components\node_modules\jest-circus\build\utils.js:231:10)
    at _callCircusTest (C:\Users\benpe\Coding\REI-Project\InstantlyAnalyze-Components\node_modules\jest-circus\build\run.js:316:40)
    at processTicksAndRejections (node:internal/process/task_queues:95:5)
    at _runTest (C:\Users\benpe\Coding\REI-Project\InstantlyAnalyze-Components\node_modules\jest-circus\build\run.js:252:3)
    at _runTestsForDescribeBlock (C:\Users\benpe\Coding\REI-Project\InstantlyAnalyze-Components\node_modules\jest-circus\build\run.js:126:9)
    at _runTestsForDescribeBlock (C:\Users\benpe\Coding\REI-Project\InstantlyAnalyze-Components\node_modules\jest-circus\build\run.js:121:9)
    at _runTestsForDescribeBlock (C:\Users\benpe\Coding\REI-Project\InstantlyAnalyze-Components\node_modules\jest-circus\build\run.js:121:9)
    at run (C:\Users\benpe\Coding\REI-Project\InstantlyAnalyze-Components\node_modules\jest-circus\build\run.js:71:3)
    at runAndTransformResultsToJestFormat (C:\Users\benpe\Coding\REI-Project\InstantlyAnalyze-Components\node_modules\jest-circus\build\legacy-code-todo-rewrite\jestAdapterInit.js:122:21)
    at jestAdapter (C:\Users\benpe\Coding\REI-Project\InstantlyAnalyze-Components\node_modules\jest-circus\build\legacy-code-todo-rewrite\jestAdapter.js:79:19)
    at runTestInternal (C:\Users\benpe\Coding\REI-Project\InstantlyAnalyze-Components\node_modules\jest-runner\build\runTest.js:367:16)
    at runTest (C:\Users\benpe\Coding\REI-Project\InstantlyAnalyze-Components\node_modules\jest-runner\build\runTest.js:444:34)
    at Object.worker (C:\Users\benpe\Coding\REI-Project\InstantlyAnalyze-Components\node_modules\jest-runner\build\testWorker.js:106:12)</failure>
    </testcase>
    <testcase classname="Separator rendering should render separator line" name="Separator rendering should render separator line" time="0.02">
      <failure>TestingLibraryElementError: Unable to find an element by: [data-testid=&quot;separator-line&quot;]

Ignored nodes: comments, script, style
&lt;body&gt;
  &lt;div&gt;
    &lt;div
      class=&quot;separator-container&quot;
    &gt;
      &lt;div
        class=&quot;separator&quot;
        style=&quot;width: 60%;&quot;
      /&gt;
    &lt;/div&gt;
  &lt;/div&gt;
&lt;/body&gt;
    at Object.getElementError (C:\Users\benpe\Coding\REI-Project\InstantlyAnalyze-Components\node_modules\@testing-library\react\node_modules\@testing-library\dom\dist\config.js:37:19)
    at C:\Users\benpe\Coding\REI-Project\InstantlyAnalyze-Components\node_modules\@testing-library\react\node_modules\@testing-library\dom\dist\query-helpers.js:76:38
    at C:\Users\benpe\Coding\REI-Project\InstantlyAnalyze-Components\node_modules\@testing-library\react\node_modules\@testing-library\dom\dist\query-helpers.js:52:17
    at C:\Users\benpe\Coding\REI-Project\InstantlyAnalyze-Components\node_modules\@testing-library\react\node_modules\@testing-library\dom\dist\query-helpers.js:95:19
    at Object.&lt;anonymous&gt; (C:\Users\benpe\Coding\REI-Project\InstantlyAnalyze-Components\tst\components\Separator\Separator.test.tsx:21:36)
    at Promise.then.completed (C:\Users\benpe\Coding\REI-Project\InstantlyAnalyze-Components\node_modules\jest-circus\build\utils.js:298:28)
    at new Promise (&lt;anonymous&gt;)
    at callAsyncCircusFn (C:\Users\benpe\Coding\REI-Project\InstantlyAnalyze-Components\node_modules\jest-circus\build\utils.js:231:10)
    at _callCircusTest (C:\Users\benpe\Coding\REI-Project\InstantlyAnalyze-Components\node_modules\jest-circus\build\run.js:316:40)
    at processTicksAndRejections (node:internal/process/task_queues:95:5)
    at _runTest (C:\Users\benpe\Coding\REI-Project\InstantlyAnalyze-Components\node_modules\jest-circus\build\run.js:252:3)
    at _runTestsForDescribeBlock (C:\Users\benpe\Coding\REI-Project\InstantlyAnalyze-Components\node_modules\jest-circus\build\run.js:126:9)
    at _runTestsForDescribeBlock (C:\Users\benpe\Coding\REI-Project\InstantlyAnalyze-Components\node_modules\jest-circus\build\run.js:121:9)
    at _runTestsForDescribeBlock (C:\Users\benpe\Coding\REI-Project\InstantlyAnalyze-Components\node_modules\jest-circus\build\run.js:121:9)
    at run (C:\Users\benpe\Coding\REI-Project\InstantlyAnalyze-Components\node_modules\jest-circus\build\run.js:71:3)
    at runAndTransformResultsToJestFormat (C:\Users\benpe\Coding\REI-Project\InstantlyAnalyze-Components\node_modules\jest-circus\build\legacy-code-todo-rewrite\jestAdapterInit.js:122:21)
    at jestAdapter (C:\Users\benpe\Coding\REI-Project\InstantlyAnalyze-Components\node_modules\jest-circus\build\legacy-code-todo-rewrite\jestAdapter.js:79:19)
    at runTestInternal (C:\Users\benpe\Coding\REI-Project\InstantlyAnalyze-Components\node_modules\jest-runner\build\runTest.js:367:16)
    at runTest (C:\Users\benpe\Coding\REI-Project\InstantlyAnalyze-Components\node_modules\jest-runner\build\runTest.js:444:34)
    at Object.worker (C:\Users\benpe\Coding\REI-Project\InstantlyAnalyze-Components\node_modules\jest-runner\build\testWorker.js:106:12)</failure>
    </testcase>
    <testcase classname="Separator rendering should render with default width" name="Separator rendering should render with default width" time="0.011">
      <failure>TestingLibraryElementError: Unable to find an element by: [data-testid=&quot;separator-line&quot;]

Ignored nodes: comments, script, style
&lt;body&gt;
  &lt;div&gt;
    &lt;div
      class=&quot;separator-container&quot;
    &gt;
      &lt;div
        class=&quot;separator&quot;
        style=&quot;width: 60%;&quot;
      /&gt;
    &lt;/div&gt;
  &lt;/div&gt;
&lt;/body&gt;
    at Object.getElementError (C:\Users\benpe\Coding\REI-Project\InstantlyAnalyze-Components\node_modules\@testing-library\react\node_modules\@testing-library\dom\dist\config.js:37:19)
    at C:\Users\benpe\Coding\REI-Project\InstantlyAnalyze-Components\node_modules\@testing-library\react\node_modules\@testing-library\dom\dist\query-helpers.js:76:38
    at C:\Users\benpe\Coding\REI-Project\InstantlyAnalyze-Components\node_modules\@testing-library\react\node_modules\@testing-library\dom\dist\query-helpers.js:52:17
    at C:\Users\benpe\Coding\REI-Project\InstantlyAnalyze-Components\node_modules\@testing-library\react\node_modules\@testing-library\dom\dist\query-helpers.js:95:19
    at Object.&lt;anonymous&gt; (C:\Users\benpe\Coding\REI-Project\InstantlyAnalyze-Components\tst\components\Separator\Separator.test.tsx:28:36)
    at Promise.then.completed (C:\Users\benpe\Coding\REI-Project\InstantlyAnalyze-Components\node_modules\jest-circus\build\utils.js:298:28)
    at new Promise (&lt;anonymous&gt;)
    at callAsyncCircusFn (C:\Users\benpe\Coding\REI-Project\InstantlyAnalyze-Components\node_modules\jest-circus\build\utils.js:231:10)
    at _callCircusTest (C:\Users\benpe\Coding\REI-Project\InstantlyAnalyze-Components\node_modules\jest-circus\build\run.js:316:40)
    at processTicksAndRejections (node:internal/process/task_queues:95:5)
    at _runTest (C:\Users\benpe\Coding\REI-Project\InstantlyAnalyze-Components\node_modules\jest-circus\build\run.js:252:3)
    at _runTestsForDescribeBlock (C:\Users\benpe\Coding\REI-Project\InstantlyAnalyze-Components\node_modules\jest-circus\build\run.js:126:9)
    at _runTestsForDescribeBlock (C:\Users\benpe\Coding\REI-Project\InstantlyAnalyze-Components\node_modules\jest-circus\build\run.js:121:9)
    at _runTestsForDescribeBlock (C:\Users\benpe\Coding\REI-Project\InstantlyAnalyze-Components\node_modules\jest-circus\build\run.js:121:9)
    at run (C:\Users\benpe\Coding\REI-Project\InstantlyAnalyze-Components\node_modules\jest-circus\build\run.js:71:3)
    at runAndTransformResultsToJestFormat (C:\Users\benpe\Coding\REI-Project\InstantlyAnalyze-Components\node_modules\jest-circus\build\legacy-code-todo-rewrite\jestAdapterInit.js:122:21)
    at jestAdapter (C:\Users\benpe\Coding\REI-Project\InstantlyAnalyze-Components\node_modules\jest-circus\build\legacy-code-todo-rewrite\jestAdapter.js:79:19)
    at runTestInternal (C:\Users\benpe\Coding\REI-Project\InstantlyAnalyze-Components\node_modules\jest-runner\build\runTest.js:367:16)
    at runTest (C:\Users\benpe\Coding\REI-Project\InstantlyAnalyze-Components\node_modules\jest-runner\build\runTest.js:444:34)
    at Object.worker (C:\Users\benpe\Coding\REI-Project\InstantlyAnalyze-Components\node_modules\jest-runner\build\testWorker.js:106:12)</failure>
    </testcase>
    <testcase classname="Separator rendering should render with custom width" name="Separator rendering should render with custom width" time="0.011">
      <failure>TestingLibraryElementError: Unable to find an element by: [data-testid=&quot;separator-line&quot;]

Ignored nodes: comments, script, style
&lt;body&gt;
  &lt;div&gt;
    &lt;div
      class=&quot;separator-container&quot;
    &gt;
      &lt;div
        class=&quot;separator&quot;
        style=&quot;width: 80%;&quot;
      /&gt;
    &lt;/div&gt;
  &lt;/div&gt;
&lt;/body&gt;
    at Object.getElementError (C:\Users\benpe\Coding\REI-Project\InstantlyAnalyze-Components\node_modules\@testing-library\react\node_modules\@testing-library\dom\dist\config.js:37:19)
    at C:\Users\benpe\Coding\REI-Project\InstantlyAnalyze-Components\node_modules\@testing-library\react\node_modules\@testing-library\dom\dist\query-helpers.js:76:38
    at C:\Users\benpe\Coding\REI-Project\InstantlyAnalyze-Components\node_modules\@testing-library\react\node_modules\@testing-library\dom\dist\query-helpers.js:52:17
    at C:\Users\benpe\Coding\REI-Project\InstantlyAnalyze-Components\node_modules\@testing-library\react\node_modules\@testing-library\dom\dist\query-helpers.js:95:19
    at Object.&lt;anonymous&gt; (C:\Users\benpe\Coding\REI-Project\InstantlyAnalyze-Components\tst\components\Separator\Separator.test.tsx:35:36)
    at Promise.then.completed (C:\Users\benpe\Coding\REI-Project\InstantlyAnalyze-Components\node_modules\jest-circus\build\utils.js:298:28)
    at new Promise (&lt;anonymous&gt;)
    at callAsyncCircusFn (C:\Users\benpe\Coding\REI-Project\InstantlyAnalyze-Components\node_modules\jest-circus\build\utils.js:231:10)
    at _callCircusTest (C:\Users\benpe\Coding\REI-Project\InstantlyAnalyze-Components\node_modules\jest-circus\build\run.js:316:40)
    at processTicksAndRejections (node:internal/process/task_queues:95:5)
    at _runTest (C:\Users\benpe\Coding\REI-Project\InstantlyAnalyze-Components\node_modules\jest-circus\build\run.js:252:3)
    at _runTestsForDescribeBlock (C:\Users\benpe\Coding\REI-Project\InstantlyAnalyze-Components\node_modules\jest-circus\build\run.js:126:9)
    at _runTestsForDescribeBlock (C:\Users\benpe\Coding\REI-Project\InstantlyAnalyze-Components\node_modules\jest-circus\build\run.js:121:9)
    at _runTestsForDescribeBlock (C:\Users\benpe\Coding\REI-Project\InstantlyAnalyze-Components\node_modules\jest-circus\build\run.js:121:9)
    at run (C:\Users\benpe\Coding\REI-Project\InstantlyAnalyze-Components\node_modules\jest-circus\build\run.js:71:3)
    at runAndTransformResultsToJestFormat (C:\Users\benpe\Coding\REI-Project\InstantlyAnalyze-Components\node_modules\jest-circus\build\legacy-code-todo-rewrite\jestAdapterInit.js:122:21)
    at jestAdapter (C:\Users\benpe\Coding\REI-Project\InstantlyAnalyze-Components\node_modules\jest-circus\build\legacy-code-todo-rewrite\jestAdapter.js:79:19)
    at runTestInternal (C:\Users\benpe\Coding\REI-Project\InstantlyAnalyze-Components\node_modules\jest-runner\build\runTest.js:367:16)
    at runTest (C:\Users\benpe\Coding\REI-Project\InstantlyAnalyze-Components\node_modules\jest-runner\build\runTest.js:444:34)
    at Object.worker (C:\Users\benpe\Coding\REI-Project\InstantlyAnalyze-Components\node_modules\jest-runner\build\testWorker.js:106:12)</failure>
    </testcase>
    <testcase classname="Separator styling should have correct CSS classes" name="Separator styling should have correct CSS classes" time="0.014">
      <failure>TestingLibraryElementError: Unable to find an element by: [data-testid=&quot;separator-container&quot;]

Ignored nodes: comments, script, style
&lt;body&gt;
  &lt;div&gt;
    &lt;div
      class=&quot;separator-container&quot;
    &gt;
      &lt;div
        class=&quot;separator&quot;
        style=&quot;width: 60%;&quot;
      /&gt;
    &lt;/div&gt;
  &lt;/div&gt;
&lt;/body&gt;
    at Object.getElementError (C:\Users\benpe\Coding\REI-Project\InstantlyAnalyze-Components\node_modules\@testing-library\react\node_modules\@testing-library\dom\dist\config.js:37:19)
    at C:\Users\benpe\Coding\REI-Project\InstantlyAnalyze-Components\node_modules\@testing-library\react\node_modules\@testing-library\dom\dist\query-helpers.js:76:38
[...]
    <testcase classname="Header_Alt Component should render login state correctly" name="Header_Alt Component should render login state correctly" time="0.239">
    </testcase>
    <testcase classname="Header_Alt Component should render logout state correctly" name="Header_Alt Component should render logout state correctly" time="0.082">
    </testcase>
    <testcase classname="Header_Alt Component should handle login and logout actions" name="Header_Alt Component should handle login and logout actions" time="0.118">
    </testcase>
  </testsuite>
  <testsuite name="FeedbackModal" errors="0" failures="1" skipped="0" timestamp="2025-07-31T04:52:58" time="93.216" tests="20">
    <testcase classname="FeedbackModal rendering should render the feedback trigger link" name="FeedbackModal rendering should render the feedback trigger link" time="0.209">
    </testcase>
    <testcase classname="FeedbackModal rendering should not render modal initially" name="FeedbackModal rendering should not render modal initially" time="0.022">
    </testcase>
    <testcase classname="FeedbackModal rendering should render modal when opened" name="FeedbackModal rendering should render modal when opened" time="0.523">
    </testcase>
    <testcase classname="FeedbackModal rendering should render modal header" name="FeedbackModal rendering should render modal header" time="0.264">
    </testcase>
    <testcase classname="FeedbackModal form fields should render feedback type field" name="FeedbackModal form fields should render feedback type field" time="0.144">
    </testcase>
    <testcase classname="FeedbackModal form fields should render email field with info" name="FeedbackModal form fields should render email field with info" time="0.116">
    </testcase>
    <testcase classname="FeedbackModal form fields should render note field with info" name="FeedbackModal form fields should render note field with info" time="0.075">
    </testcase>
    <testcase classname="FeedbackModal form fields should have correct select options" name="FeedbackModal form fields should have correct select options" time="0.034">
    </testcase>
    <testcase classname="FeedbackModal form interactions should handle feedback type change" name="FeedbackModal form interactions should handle feedback type change" time="0.491">
    </testcase>
    <testcase classname="FeedbackModal form interactions should handle email input" name="FeedbackModal form interactions should handle email input" time="1.547">
    </testcase>
    <testcase classname="FeedbackModal form interactions should handle note input" name="FeedbackModal form interactions should handle note input" time="2.467">
    </testcase>
    <testcase classname="FeedbackModal modal actions should close modal when cancel button is clicked" name="FeedbackModal modal actions should close modal when cancel button is clicked" time="0.254">
    </testcase>
    <testcase classname="FeedbackModal modal actions should close modal when close button is clicked" name="FeedbackModal modal actions should close modal when close button is clicked" time="0.204">
    </testcase>
    <testcase classname="FeedbackModal modal actions should show submit button" name="FeedbackModal modal actions should show submit button" time="0.122">
    </testcase>
    <testcase classname="FeedbackModal form validation should show error when submitting empty note" name="FeedbackModal form validation should show error when submitting empty note" time="0.21">
    </testcase>
    <testcase classname="FeedbackModal form validation should allow submission with valid note" name="FeedbackModal form validation should allow submission with valid note" time="0.753">
    </testcase>
    <testcase classname="FeedbackModal API integration should call sendFeedbackEmail on successful submission" name="FeedbackModal API integration should call sendFeedbackEmail on successful submission" time="1.796">
      <failure>Error: expect(jest.fn()).toHaveBeenCalledWith(...expected)

Expected: &quot;bug&quot;, &quot;test@example.com&quot;, &quot;Test feedback&quot;, &quot;test-user-id&quot;
Received: &quot;bug&quot;, &quot;&quot;, &quot;Test feedback&quot;, &quot;test-user-id&quot;

Number of calls: 1

Ignored nodes: comments, script, style
&lt;html&gt;
  &lt;head /&gt;
  &lt;body&gt;
    &lt;div&gt;
      &lt;a
        class=&quot;text-base font-semibold cursor-pointer&quot;
      &gt;
        Feedback
      &lt;/a&gt;
      &lt;div
        data-testid=&quot;modal&quot;
      &gt;
        &lt;div
          data-testid=&quot;modal-header&quot;
        &gt;
          Send Feedback
        &lt;/div&gt;
        &lt;div
          data-testid=&quot;modal-content&quot;
        &gt;
          &lt;div
            data-testid=&quot;space-between&quot;
          &gt;
            &lt;div
              data-testid=&quot;alert-success&quot;
              role=&quot;alert&quot;
            &gt;
              Feedback submitted successfully!
            &lt;/div&gt;
            &lt;div
              data-testid=&quot;form-field-Feedback Type&quot;
            &gt;
              &lt;label&gt;
                Feedback Type
              &lt;/label&gt;
              &lt;select
                data-testid=&quot;select&quot;
              &gt;
                &lt;option
                  value=&quot;bug&quot;
                &gt;
                  Report a Bug
                &lt;/option&gt;
                &lt;option
                  value=&quot;feature&quot;
                &gt;
                  Suggest a Feature
                &lt;/option&gt;
              &lt;/select&gt;
            &lt;/div&gt;
            &lt;div
              data-testid=&quot;form-field-Email&quot;
            &gt;
              &lt;label&gt;
                Email
              &lt;/label&gt;
              &lt;span
                data-testid=&quot;field-info&quot;
              &gt;
                Optional
              &lt;/span&gt;
              &lt;input
                data-testid=&quot;input&quot;
                placeholder=&quot;you@example.com&quot;
                value=&quot;&quot;
              /&gt;
            &lt;/div&gt;
            &lt;div
              data-testid=&quot;form-field-Note to Developer&quot;
            &gt;
              &lt;label&gt;
                Note to Developer
              &lt;/label&gt;
              &lt;span
                data-testid=&quot;field-info&quot;
              &gt;
                Required
              &lt;/span&gt;
              &lt;textarea
                data-testid=&quot;textarea&quot;
                placeholder=&quot;Describe your feedback...&quot;
                rows=&quot;3&quot;
              &gt;
                Test feedback
              &lt;/textarea&gt;
            &lt;/div&gt;
          &lt;/div&gt;
        &lt;/div&gt;
        &lt;div
          data-testid=&quot;modal-footer&quot;
        &gt;
          &lt;div
            data-testid=&quot;box&quot;
          &gt;
            &lt;button
              data-testid=&quot;button-link&quot;
            &gt;
              Cancel
            &lt;/button&gt;
            &lt;button
              data-testid=&quot;button-primary&quot;
            &gt;
              Submit
            &lt;/button&gt;
          &lt;/div&gt;
        &lt;/div&gt;
        &lt;button
          data-testid=&quot;modal-close&quot;
        &gt;
          Close
        &lt;/button&gt;
      &lt;/div&gt;
    &lt;/div&gt;
  &lt;/body&gt;
&lt;/html&gt;
    at C:\Users\benpe\Coding\REI-Project\InstantlyAnalyze-Components\tst\components\FeedbackModal\FeedbackModal.test.tsx:309:39
    at runWithExpensiveErrorDiagnosticsDisabled (C:\Users\benpe\Coding\REI-Project\InstantlyAnalyze-Components\node_modules\@testing-library\react\node_modules\@testing-library\dom\dist\config.js:47:12)
    at checkCallback (C:\Users\benpe\Coding\REI-Project\InstantlyAnalyze-Components\node_modules\@testing-library\react\node_modules\@testing-library\dom\dist\wait-for.js:127:77)
    at checkRealTimersCallback (C:\Users\benpe\Coding\REI-Project\InstantlyAnalyze-Components\node_modules\@testing-library\react\node_modules\@testing-library\dom\dist\wait-for.js:121:16)
    at Timeout.task [as _onTimeout] (C:\Users\benpe\Coding\REI-Project\InstantlyAnalyze-Components\node_modules\jsdom\lib\jsdom\browser\Window.js:520:19)
    at listOnTimeout (node:internal/timers:573:17)
    at processTimers (node:internal/timers:514:7)</failure>
    </testcase>
    <testcase classname="FeedbackModal API integration should show error message on API failure" name="FeedbackModal API integration should show error message on API failure" time="0.43">
    </testcase>
    <testcase classname="FeedbackModal loading states should disable buttons and show loading text during submission" name="FeedbackModal loading states should disable buttons and show loading text during submission" time="0.402">
    </testcase>
    <testcase classname="FeedbackModal accessibility should have proper alert roles" name="FeedbackModal accessibility should have proper alert roles" time="0.414">
    </testcase>
  </testsuite>
  <testsuite name="CalculatorUpdate" errors="0" failures="2" skipped="0" timestamp="2025-07-31T04:54:26" time="6.467" tests="15">
    <testcase classname="CalculatorUpdate rendering should render all three buttons" name="CalculatorUpdate rendering should render all three buttons" time="0.03">
    </testcase>
    <testcase classname="CalculatorUpdate rendering should display correct button text" name="CalculatorUpdate rendering should display correct button text" time="0.01">
    </testcase>
    <testcase classname="CalculatorUpdate rendering should have correct CSS classes" name="CalculatorUpdate rendering should have correct CSS classes" time="0.012">
    </testcase>
    <testcase classname="CalculatorUpdate save functionality should call saveUpdatedRentalReport when save button is clicked" name="CalculatorUpdate save functionality should call saveUpdatedRentalReport when save button is clicked" time="1.044">
      <failure>Error: expect(jest.fn()).toHaveBeenCalledWith(...expected)

- Expected
+ Received

  &quot;test-report-id&quot;,
@@ -1,10 +1,10 @@
  Object {
    &quot;propertyInformation&quot;: Object {
      &quot;city&quot;: &quot;Anytown&quot;,
      &quot;state&quot;: &quot;CA&quot;,
-     &quot;streetAddress&quot;: &quot;New Address&quot;,
+     &quot;streetAddress&quot;: &quot;123 Main St&quot;,
      &quot;zipCode&quot;: &quot;12345&quot;,
    },
    &quot;purchaseDetails&quot;: Object {
      &quot;purchasePrice&quot;: 200000,
    },,
  true,
  &quot;test-user-id&quot;,

Number of calls: 1

Ignored nodes: comments, script, style
&lt;html&gt;
  &lt;head /&gt;
  &lt;body&gt;
    &lt;div&gt;
      &lt;div
        class=&quot;calculator-update-container&quot;
      &gt;
        &lt;div
          class=&quot;calculator-update-buttons&quot;
        &gt;
          &lt;button
            data-testid=&quot;button-save-button&quot;
            disabled=&quot;&quot;
          &gt;
            Save
          &lt;/button&gt;
          &lt;button
            data-href=&quot;/edit&quot;
            data-testid=&quot;button-edit-button&quot;
          &gt;
            Edit
          &lt;/button&gt;
          &lt;button
            data-testid=&quot;button-delete-button&quot;
          &gt;
            Delete
          &lt;/button&gt;
        &lt;/div&gt;
      &lt;/div&gt;
    &lt;/div&gt;
  &lt;/body&gt;
&lt;/html&gt;
    at C:\Users\benpe\Coding\REI-Project\InstantlyAnalyze-Components\tst\components\Calculator\CalculatorUpdate.test.tsx:117:45
    at runWithExpensiveErrorDiagnosticsDisabled (C:\Users\benpe\Coding\REI-Project\InstantlyAnalyze-Components\node_modules\@testing-library\react\node_modules\@testing-library\dom\dist\config.js:47:12)
    at checkCallback (C:\Users\benpe\Coding\REI-Project\InstantlyAnalyze-Components\node_modules\@testing-library\react\node_modules\@testing-library\dom\dist\wait-for.js:127:77)
    at checkRealTimersCallback (C:\Users\benpe\Coding\REI-Project\InstantlyAnalyze-Components\node_modules\@testing-library\react\node_modules\@testing-library\dom\dist\wait-for.js:121:16)
    at Timeout.task [as _onTimeout] (C:\Users\benpe\Coding\REI-Project\InstantlyAnalyze-Components\node_modules\jsdom\lib\jsdom\browser\Window.js:520:19)
    at listOnTimeout (node:internal/timers:573:17)
    at processTimers (node:internal/timers:514:7)</failure>
    </testcase>
    <testcase classname="CalculatorUpdate save functionality should show success alert when save is successful" name="CalculatorUpdate save functionality should show success alert when save is successful" time="0.082">
    </testcase>
    <testcase classname="CalculatorUpdate save functionality should show error alert when save fails" name="CalculatorUpdate save functionality should show error alert when save fails" time="0.06">
    </testcase>
    <testcase classname="CalculatorUpdate edit functionality should have correct edit redirect URL" name="CalculatorUpdate edit functionality should have correct edit redirect URL" time="0.004">
    </testcase>
    <testcase classname="CalculatorUpdate delete functionality should show confirmation dialog when delete button is clicked" name="CalculatorUpdate delete functionality should show confirmation dialog when delete button is clicked" time="0.057">
    </testcase>
    <testcase classname="CalculatorUpdate delete functionality should call deleteRentalReport when delete is confirmed" name="CalculatorUpdate delete functionality should call deleteRentalReport when delete is confirmed" time="0.048">
    </testcase>
    <testcase classname="CalculatorUpdate delete functionality should show success alert when delete is successful" name="CalculatorUpdate delete functionality should show success alert when delete is successful" time="0.047">
    </testcase>
    <testcase classname="CalculatorUpdate delete functionality should show error alert when delete fails" name="CalculatorUpdate delete functionality should show error alert when delete fails" time="0.047">
    </testcase>
    <testcase classname="CalculatorUpdate delete functionality should not call deleteRentalReport when delete is cancelled" name="CalculatorUpdate delete functionality should not call deleteRentalReport when delete is cancelled" time="0.061">
    </testcase>
    <testcase classname="CalculatorUpdate modification tracking should disable save button when no modifications are made" name="CalculatorUpdate modification tracking should disable save button when no modifications are made" time="0.006">
    </testcase>
    <testcase classname="CalculatorUpdate modification tracking should enable save button when modifications are made" name="CalculatorUpdate modification tracking should enable save button when modifications are made" time="0.007">
    </testcase>
    <testcase classname="CalculatorUpdate error handling should handle missing user ID gracefully" name="CalculatorUpdate error handling should handle missing user ID gracefully" time="1.054">
      <failure>Error: expect(jest.fn()).toHaveBeenCalledWith(...expected)

- Expected
+ Received

  &quot;test-report-id&quot;,
@@ -1,10 +1,10 @@
  Object {
    &quot;propertyInformation&quot;: Object {
      &quot;city&quot;: &quot;Anytown&quot;,
      &quot;state&quot;: &quot;CA&quot;,
-     &quot;streetAddress&quot;: &quot;New Address&quot;,
+     &quot;streetAddress&quot;: &quot;123 Main St&quot;,
      &quot;zipCode&quot;: &quot;12345&quot;,
    },
    &quot;purchaseDetails&quot;: Object {
      &quot;purchasePrice&quot;: 200000,
    },,
  true,
  undefined,

Number of calls: 1

Ignored nodes: comments, script, style
&lt;html&gt;
  &lt;head /&gt;
  &lt;body&gt;
    &lt;div&gt;
      &lt;div
        class=&quot;calculator-update-container&quot;
      &gt;
        &lt;div
          class=&quot;calculator-update-buttons&quot;
        &gt;
          &lt;button
            data-testid=&quot;button-save-button&quot;
            disabled=&quot;&quot;
          &gt;
            Save
          &lt;/button&gt;
          &lt;button
            data-href=&quot;/edit&quot;
            data-testid=&quot;button-edit-button&quot;
          &gt;
            Edit
          &lt;/button&gt;
          &lt;button
            data-testid=&quot;button-delete-button&quot;
          &gt;
            Delete
          &lt;/button&gt;
        &lt;/div&gt;
      &lt;/div&gt;
    &lt;/div&gt;
  &lt;/body&gt;
&lt;/html&gt;
    at C:\Users\benpe\Coding\REI-Project\InstantlyAnalyze-Components\tst\components\Calculator\CalculatorUpdate.test.tsx:267:45
    at runWithExpensiveErrorDiagnosticsDisabled (C:\Users\benpe\Coding\REI-Project\InstantlyAnalyze-Components\node_modules\@testing-library\react\node_modules\@testing-library\dom\dist\config.js:47:12)
    at checkCallback (C:\Users\benpe\Coding\REI-Project\InstantlyAnalyze-Components\node_modules\@testing-library\react\node_modules\@testing-library\dom\dist\wait-for.js:127:77)
    at checkRealTimersCallback (C:\Users\benpe\Coding\REI-Project\InstantlyAnalyze-Components\node_modules\@testing-library\react\node_modules\@testing-library\dom\dist\wait-for.js:121:16)
    at Timeout.task [as _onTimeout] (C:\Users\benpe\Coding\REI-Project\InstantlyAnalyze-Components\node_modules\jsdom\lib\jsdom\browser\Window.js:520:19)
    at listOnTimeout (node:internal/timers:573:17)
    at processTimers (node:internal/timers:514:7)</failure>
    </testcase>
  </testsuite>
  <testsuite name="TermsOfUse Component" errors="0" failures="0" skipped="0" timestamp="2025-07-31T04:54:23" time="10.464" tests="3">
    <testcase classname="TermsOfUse Component should render without crashing" name="TermsOfUse Component should render without crashing" time="0.019">
    </testcase>
    <testcase classname="TermsOfUse Component should display terms content correctly" name="TermsOfUse Component should display terms content correctly" time="0.009">
    </testcase>
    <testcase classname="TermsOfUse Component should be wrapped in a small tag" name="TermsOfUse Component should be wrapped in a small tag" time="0.006">
    </testcase>
  </testsuite>
  <testsuite name="Navbar Component" errors="0" failures="0" skipped="0" timestamp="2025-07-31T04:54:04" time="29.921" tests="3">
    <testcase classname="Navbar Component should render without crashing" name="Navbar Component should render without crashing" time="0.214">
    </testcase>
    <testcase classname="Navbar Component should display navigation items correctly" name="Navbar Component should display navigation items correctly" time="0.052">
    </testcase>
    <testcase classname="Navbar Component should handle navigation interactions (user menu)" name="Navbar Component should handle navigation interactions (user menu)" time="0.165">
    </testcase>
  </testsuite>
  <testsuite name="TableHelpers" errors="0" failures="0" skipped="0" timestamp="2025-07-31T04:53:57" time="39.979" tests="5">
    <testcase classname="TableHelpers TableNoMatchState renders correctly and handles clear filter" name="TableHelpers TableNoMatchState renders correctly and handles clear filter" time="0.185">
    </testcase>
    <testcase classname="TableHelpers TableEmptyState renders create state when user can create" name="TableHelpers TableEmptyState renders create state when user can create" time="0.036">
    </testcase>
    <testcase classname="TableHelpers TableEmptyState renders alert state when user cannot create" name="TableHelpers TableEmptyState renders alert state when user cannot create" time="0.051">
    </testcase>
    <testcase classname="TableHelpers FullPageHeader handles button states correctly based on selection" name="TableHelpers FullPageHeader handles button states correctly based on selection" time="0.093">
    </testcase>
    <testcase classname="TableHelpers useColumnWidths should manage column widths" name="TableHelpers useColumnWidths should manage column widths" time="0.004">
    </testcase>
  </testsuite>
</testsuites>